{"meta": {"format": 3, "version": "7.11.0", "timestamp": "2025-10-15T20:09:38.104815", "branch_coverage": false, "show_contexts": false}, "files": {"src/chuk_mcp/__init__.py": {"executed_lines": [2, 3, 4, 6, 12, 89, 90, 96, 98, 101, 102, 105, 106, 112, 120, 121, 130, 131, 133, 134, 135, 138, 139, 160, 166, 167, 181, 202, 203, 204, 207, 257, 258, 259, 260, 271, 318, 319, 321, 322, 323, 326, 332, 338, 339, 342], "summary": {"covered_lines": 46, "num_statements": 87, "percent_covered": 52.87356321839081, "percent_covered_display": "53", "missing_lines": 41, "excluded_lines": 0}, "missing_lines": [7, 95, 113, 114, 115, 116, 117, 129, 161, 162, 168, 169, 170, 171, 173, 174, 208, 226, 227, 233, 235, 236, 237, 238, 240, 241, 242, 243, 245, 246, 247, 248, 250, 251, 252, 253, 320, 324, 344, 345, 355], "excluded_lines": [], "functions": {"_deprecated_import_warning": {"executed_lines": [], "summary": {"covered_lines": 0, "num_statements": 1, "percent_covered": 0.0, "percent_covered_display": "0", "missing_lines": 1, "excluded_lines": 0}, "missing_lines": [345], "excluded_lines": []}, "": {"executed_lines": [2, 3, 4, 6, 12, 89, 90, 96, 98, 101, 102, 105, 106, 112, 120, 121, 130, 131, 133, 134, 135, 138, 139, 160, 166, 167, 181, 202, 203, 204, 207, 257, 258, 259, 260, 271, 318, 319, 321, 322, 323, 326, 332, 338, 339, 342], "summary": {"covered_lines": 46, "num_statements": 86, "percent_covered": 53.48837209302326, "percent_covered_display": "53", "missing_lines": 40, "excluded_lines": 0}, "missing_lines": [7, 95, 113, 114, 115, 116, 117, 129, 161, 162, 168, 169, 170, 171, 173, 174, 208, 226, 227, 233, 235, 236, 237, 238, 240, 241, 242, 243, 245, 246, 247, 248, 250, 251, 252, 253, 320, 324, 344, 355], "excluded_lines": []}}, "classes": {"": {"executed_lines": [2, 3, 4, 6, 12, 89, 90, 96, 98, 101, 102, 105, 106, 112, 120, 121, 130, 131, 133, 134, 135, 138, 139, 160, 166, 167, 181, 202, 203, 204, 207, 257, 258, 259, 260, 271, 318, 319, 321, 322, 323, 326, 332, 338, 339, 342], "summary": {"covered_lines": 46, "num_statements": 87, "percent_covered": 52.87356321839081, "percent_covered_display": "53", "missing_lines": 41, "excluded_lines": 0}, "missing_lines": [7, 95, 113, 114, 115, 116, 117, 129, 161, 162, 168, 169, 170, 171, 173, 174, 208, 226, 227, 233, 235, 236, 237, 238, 240, 241, 242, 243, 245, 246, 247, 248, 250, 251, 252, 253, 320, 324, 344, 345, 355], "excluded_lines": []}}}, "src/chuk_mcp/__main__.py": {"executed_lines": [2, 16, 17, 18, 19, 20, 21, 23, 26, 27, 28, 37, 39, 40, 46, 49, 50, 53, 55, 63, 64, 65, 66, 69, 71, 72, 73, 75, 76, 77, 78, 80, 81, 82, 83, 84, 86, 87, 88, 89, 90, 91, 92, 93, 94, 97, 101, 103, 105, 106, 108, 113, 115, 116, 118, 119, 120, 122, 125, 127, 128, 131, 132, 133, 134, 137, 140, 141, 142, 143, 144, 145, 147, 148, 149, 150, 151, 152, 153, 155, 156, 157, 160, 161, 162, 163, 166, 167, 169, 170, 171, 172, 173, 174, 175, 177, 178, 179, 182, 183, 184, 185, 188, 189, 191, 192, 193, 194, 195, 196, 197, 199, 200, 201, 203, 204, 206, 207, 208, 209, 210, 211, 212, 213, 214, 215, 218, 220, 233, 240, 247, 254, 261, 264, 267, 268, 269, 270, 271, 274, 277, 278, 279, 282, 283, 285, 286, 287, 288, 289, 290, 293, 295, 298, 299], "summary": {"covered_lines": 154, "num_statements": 154, "percent_covered": 100.0, "percent_covered_display": "100", "missing_lines": 0, "excluded_lines": 0}, "missing_lines": [], "excluded_lines": [], "functions": {"setup_logging": {"executed_lines": [39, 40, 46, 49, 50], "summary": {"covered_lines": 5, "num_statements": 5, "percent_covered": 100.0, "percent_covered_display": "100", "missing_lines": 0, "excluded_lines": 0}, "missing_lines": [], "excluded_lines": []}, "find_default_config": {"executed_lines": [55, 63, 64, 65, 66], "summary": {"covered_lines": 5, "num_statements": 5, "percent_covered": 100.0, "percent_covered_display": "100", "missing_lines": 0, "excluded_lines": 0}, "missing_lines": [], "excluded_lines": []}, "list_servers": {"executed_lines": [71, 72, 73, 75, 76, 77, 78, 80, 81, 82, 83, 84, 86, 87, 88, 89, 90, 91, 92, 93, 94], "summary": {"covered_lines": 21, "num_statements": 21, "percent_covered": 100.0, "percent_covered_display": "100", "missing_lines": 0, "excluded_lines": 0}, "missing_lines": [], "excluded_lines": []}, "test_server": {"executed_lines": [101, 103, 105, 106, 108, 113, 115, 116, 118, 119, 120, 122, 125, 127, 128, 131, 132, 133, 134, 137, 140, 141, 142, 143, 144, 145, 147, 148, 149, 150, 151, 152, 153, 155, 156, 157, 160, 161, 162, 163, 166, 167, 169, 170, 171, 172, 173, 174, 175, 177, 178, 179, 182, 183, 184, 185, 188, 189, 191, 192, 193, 194, 195, 196, 197, 199, 200, 201, 203, 204, 206, 207, 208, 209, 210, 211, 212, 213, 214, 215], "summary": {"covered_lines": 80, "num_statements": 80, "percent_covered": 100.0, "percent_covered_display": "100", "missing_lines": 0, "excluded_lines": 0}, "missing_lines": [], "excluded_lines": []}, "main": {"executed_lines": [220, 233, 240, 247, 254, 261, 264, 267, 268, 269, 270, 271, 274, 277, 278, 279, 282, 283, 285, 286, 287, 288, 289, 290], "summary": {"covered_lines": 24, "num_statements": 24, "percent_covered": 100.0, "percent_covered_display": "100", "missing_lines": 0, "excluded_lines": 0}, "missing_lines": [], "excluded_lines": []}, "run": {"executed_lines": [295], "summary": {"covered_lines": 1, "num_statements": 1, "percent_covered": 100.0, "percent_covered_display": "100", "missing_lines": 0, "excluded_lines": 0}, "missing_lines": [], "excluded_lines": []}, "": {"executed_lines": [2, 16, 17, 18, 19, 20, 21, 23, 26, 27, 28, 37, 53, 69, 97, 218, 293, 298, 299], "summary": {"covered_lines": 18, "num_statements": 18, "percent_covered": 100.0, "percent_covered_display": "100", "missing_lines": 0, "excluded_lines": 0}, "missing_lines": [], "excluded_lines": []}}, "classes": {"": {"executed_lines": [2, 16, 17, 18, 19, 20, 21, 23, 26, 27, 28, 37, 39, 40, 46, 49, 50, 53, 55, 63, 64, 65, 66, 69, 71, 72, 73, 75, 76, 77, 78, 80, 81, 82, 83, 84, 86, 87, 88, 89, 90, 91, 92, 93, 94, 97, 101, 103, 105, 106, 108, 113, 115, 116, 118, 119, 120, 122, 125, 127, 128, 131, 132, 133, 134, 137, 140, 141, 142, 143, 144, 145, 147, 148, 149, 150, 151, 152, 153, 155, 156, 157, 160, 161, 162, 163, 166, 167, 169, 170, 171, 172, 173, 174, 175, 177, 178, 179, 182, 183, 184, 185, 188, 189, 191, 192, 193, 194, 195, 196, 197, 199, 200, 201, 203, 204, 206, 207, 208, 209, 210, 211, 212, 213, 214, 215, 218, 220, 233, 240, 247, 254, 261, 264, 267, 268, 269, 270, 271, 274, 277, 278, 279, 282, 283, 285, 286, 287, 288, 289, 290, 293, 295, 298, 299], "summary": {"covered_lines": 154, "num_statements": 154, "percent_covered": 100.0, "percent_covered_display": "100", "missing_lines": 0, "excluded_lines": 0}, "missing_lines": [], "excluded_lines": []}}}, "src/chuk_mcp/client/__init__.py": {"executed_lines": [2, 6, 7, 10, 12], "summary": {"covered_lines": 4, "num_statements": 4, "percent_covered": 100.0, "percent_covered_display": "100", "missing_lines": 0, "excluded_lines": 0}, "missing_lines": [], "excluded_lines": [], "functions": {"": {"executed_lines": [2, 6, 7, 10, 12], "summary": {"covered_lines": 4, "num_statements": 4, "percent_covered": 100.0, "percent_covered_display": "100", "missing_lines": 0, "excluded_lines": 0}, "missing_lines": [], "excluded_lines": []}}, "classes": {"": {"executed_lines": [2, 6, 7, 10, 12], "summary": {"covered_lines": 4, "num_statements": 4, "percent_covered": 100.0, "percent_covered_display": "100", "missing_lines": 0, "excluded_lines": 0}, "missing_lines": [], "excluded_lines": []}}}, "src/chuk_mcp/client/client.py": {"executed_lines": [2, 6, 7, 9, 11, 12, 23, 24, 26, 27, 28, 30, 31, 32, 33, 34, 38, 40, 41, 43, 44, 46, 47, 48, 49, 50, 53, 55, 56, 58, 60, 62, 63, 64, 66, 67, 69, 73, 74, 75, 77, 79, 81, 82, 83, 85, 86, 88, 90, 91, 92, 94, 96, 98, 99, 100, 102, 103, 105, 109, 110, 111, 113, 115, 117, 118], "summary": {"covered_lines": 64, "num_statements": 64, "percent_covered": 100.0, "percent_covered_display": "100", "missing_lines": 0, "excluded_lines": 0}, "missing_lines": [], "excluded_lines": [], "functions": {"MCPClient.__init__": {"executed_lines": [27, 28, 30, 31, 32, 33, 34], "summary": {"covered_lines": 7, "num_statements": 7, "percent_covered": 100.0, "percent_covered_display": "100", "missing_lines": 0, "excluded_lines": 0}, "missing_lines": [], "excluded_lines": []}, "MCPClient.initialize": {"executed_lines": [40, 41, 43, 44, 46, 47, 48, 49, 50, 53, 55, 56, 58], "summary": {"covered_lines": 13, "num_statements": 13, "percent_covered": 100.0, "percent_covered_display": "100", "missing_lines": 0, "excluded_lines": 0}, "missing_lines": [], "excluded_lines": []}, "MCPClient.list_tools": {"executed_lines": [62, 63, 64, 66, 67], "summary": {"covered_lines": 5, "num_statements": 5, "percent_covered": 100.0, "percent_covered_display": "100", "missing_lines": 0, "excluded_lines": 0}, "missing_lines": [], "excluded_lines": []}, "MCPClient.call_tool": {"executed_lines": [73, 74, 75, 77], "summary": {"covered_lines": 4, "num_statements": 4, "percent_covered": 100.0, "percent_covered_display": "100", "missing_lines": 0, "excluded_lines": 0}, "missing_lines": [], "excluded_lines": []}, "MCPClient.list_resources": {"executed_lines": [81, 82, 83, 85, 86], "summary": {"covered_lines": 5, "num_statements": 5, "percent_covered": 100.0, "percent_covered_display": "100", "missing_lines": 0, "excluded_lines": 0}, "missing_lines": [], "excluded_lines": []}, "MCPClient.read_resource": {"executed_lines": [90, 91, 92, 94], "summary": {"covered_lines": 4, "num_statements": 4, "percent_covered": 100.0, "percent_covered_display": "100", "missing_lines": 0, "excluded_lines": 0}, "missing_lines": [], "excluded_lines": []}, "MCPClient.list_prompts": {"executed_lines": [98, 99, 100, 102, 103], "summary": {"covered_lines": 5, "num_statements": 5, "percent_covered": 100.0, "percent_covered_display": "100", "missing_lines": 0, "excluded_lines": 0}, "missing_lines": [], "excluded_lines": []}, "MCPClient.get_prompt": {"executed_lines": [109, 110, 111, 113], "summary": {"covered_lines": 4, "num_statements": 4, "percent_covered": 100.0, "percent_covered_display": "100", "missing_lines": 0, "excluded_lines": 0}, "missing_lines": [], "excluded_lines": []}, "MCPClient._ensure_initialized": {"executed_lines": [117, 118], "summary": {"covered_lines": 2, "num_statements": 2, "percent_covered": 100.0, "percent_covered_display": "100", "missing_lines": 0, "excluded_lines": 0}, "missing_lines": [], "excluded_lines": []}, "": {"executed_lines": [2, 6, 7, 9, 11, 12, 23, 24, 26, 38, 60, 69, 79, 88, 96, 105, 115], "summary": {"covered_lines": 15, "num_statements": 15, "percent_covered": 100.0, "percent_covered_display": "100", "missing_lines": 0, "excluded_lines": 0}, "missing_lines": [], "excluded_lines": []}}, "classes": {"MCPClient": {"executed_lines": [27, 28, 30, 31, 32, 33, 34, 40, 41, 43, 44, 46, 47, 48, 49, 50, 53, 55, 56, 58, 62, 63, 64, 66, 67, 73, 74, 75, 77, 81, 82, 83, 85, 86, 90, 91, 92, 94, 98, 99, 100, 102, 103, 109, 110, 111, 113, 117, 118], "summary": {"covered_lines": 49, "num_statements": 49, "percent_covered": 100.0, "percent_covered_display": "100", "missing_lines": 0, "excluded_lines": 0}, "missing_lines": [], "excluded_lines": []}, "": {"executed_lines": [2, 6, 7, 9, 11, 12, 23, 24, 26, 38, 60, 69, 79, 88, 96, 105, 115], "summary": {"covered_lines": 15, "num_statements": 15, "percent_covered": 100.0, "percent_covered_display": "100", "missing_lines": 0, "excluded_lines": 0}, "missing_lines": [], "excluded_lines": []}}}, "src/chuk_mcp/client/connection.py": {"executed_lines": [2, 6, 7, 9, 10, 11, 14, 15, 34, 35, 37, 39, 40, 41, 42], "summary": {"covered_lines": 14, "num_statements": 14, "percent_covered": 100.0, "percent_covered_display": "100", "missing_lines": 0, "excluded_lines": 0}, "missing_lines": [], "excluded_lines": [], "functions": {"connect_to_server": {"executed_lines": [34, 35, 37, 39, 40, 41, 42], "summary": {"covered_lines": 7, "num_statements": 7, "percent_covered": 100.0, "percent_covered_display": "100", "missing_lines": 0, "excluded_lines": 0}, "missing_lines": [], "excluded_lines": []}, "": {"executed_lines": [2, 6, 7, 9, 10, 11, 14, 15], "summary": {"covered_lines": 7, "num_statements": 7, "percent_covered": 100.0, "percent_covered_display": "100", "missing_lines": 0, "excluded_lines": 0}, "missing_lines": [], "excluded_lines": []}}, "classes": {"": {"executed_lines": [2, 6, 7, 9, 10, 11, 14, 15, 34, 35, 37, 39, 40, 41, 42], "summary": {"covered_lines": 14, "num_statements": 14, "percent_covered": 100.0, "percent_covered_display": "100", "missing_lines": 0, "excluded_lines": 0}, "missing_lines": [], "excluded_lines": []}}}, "src/chuk_mcp/config.py": {"executed_lines": [2, 3, 6, 9, 11, 13, 16, 17, 20, 21, 22, 23, 24, 27, 34, 39, 41, 43, 44, 45, 46, 48, 49, 50, 51, 53, 54], "summary": {"covered_lines": 27, "num_statements": 27, "percent_covered": 100.0, "percent_covered_display": "100", "missing_lines": 0, "excluded_lines": 0}, "missing_lines": [], "excluded_lines": [], "functions": {"load_config": {"executed_lines": [11, 13, 16, 17, 20, 21, 22, 23, 24, 27, 34, 39, 41, 43, 44, 45, 46, 48, 49, 50, 51, 53, 54], "summary": {"covered_lines": 23, "num_statements": 23, "percent_covered": 100.0, "percent_covered_display": "100", "missing_lines": 0, "excluded_lines": 0}, "missing_lines": [], "excluded_lines": []}, "": {"executed_lines": [2, 3, 6, 9], "summary": {"covered_lines": 4, "num_statements": 4, "percent_covered": 100.0, "percent_covered_display": "100", "missing_lines": 0, "excluded_lines": 0}, "missing_lines": [], "excluded_lines": []}}, "classes": {"": {"executed_lines": [2, 3, 6, 9, 11, 13, 16, 17, 20, 21, 22, 23, 24, 27, 34, 39, 41, 43, 44, 45, 46, 48, 49, 50, 51, 53, 54], "summary": {"covered_lines": 27, "num_statements": 27, "percent_covered": 100.0, "percent_covered_display": "100", "missing_lines": 0, "excluded_lines": 0}, "missing_lines": [], "excluded_lines": []}}}, "src/chuk_mcp/mcp_client/__init__.py": {"executed_lines": [2, 9, 10, 11, 12, 15, 24, 25, 26, 30, 50, 60, 78, 79, 89, 90, 91, 92, 98, 99, 100, 113, 114, 118, 121, 128, 129, 131, 132, 134, 135, 137, 140, 141, 143, 144, 146, 147, 150, 152, 153, 155, 157, 159, 163, 167, 170, 171, 173, 174, 175, 176, 177, 178, 180, 181, 183, 185, 187, 189, 192, 193, 195, 196, 197, 199, 200, 202, 205, 206, 208, 209, 210, 212, 213, 215, 219, 220, 221, 224, 227, 231, 232, 233, 234, 237, 241], "summary": {"covered_lines": 81, "num_statements": 115, "percent_covered": 70.43478260869566, "percent_covered_display": "70", "missing_lines": 34, "excluded_lines": 0}, "missing_lines": [16, 37, 39, 41, 42, 43, 46, 56, 80, 81, 82, 83, 85, 86, 101, 103, 104, 106, 108, 109, 115, 116, 136, 154, 156, 158, 160, 164, 182, 184, 186, 188, 201, 214], "excluded_lines": [], "functions": {"stdio_client_with_initialize": {"executed_lines": [], "summary": {"covered_lines": 0, "num_statements": 6, "percent_covered": 0.0, "percent_covered_display": "0", "missing_lines": 6, "excluded_lines": 0}, "missing_lines": [37, 39, 41, 42, 43, 46], "excluded_lines": []}, "shutdown_stdio_server": {"executed_lines": [], "summary": {"covered_lines": 0, "num_statements": 1, "percent_covered": 0.0, "percent_covered_display": "0", "missing_lines": 1, "excluded_lines": 0}, "missing_lines": [56], "excluded_lines": []}, "FakeTransportModule.__init__": {"executed_lines": [132], "summary": {"covered_lines": 1, "num_statements": 1, "percent_covered": 100.0, "percent_covered_display": "100", "missing_lines": 0, "excluded_lines": 0}, "missing_lines": [], "excluded_lines": []}, "FakeTransportModule.__getattr__": {"executed_lines": [135, 137], "summary": {"covered_lines": 2, "num_statements": 3, "percent_covered": 66.66666666666667, "percent_covered_display": "67", "missing_lines": 1, "excluded_lines": 0}, "missing_lines": [136], "excluded_lines": []}, "FakeStdioModule.__init__": {"executed_lines": [144, 146, 147, 150], "summary": {"covered_lines": 4, "num_statements": 4, "percent_covered": 100.0, "percent_covered_display": "100", "missing_lines": 0, "excluded_lines": 0}, "missing_lines": [], "excluded_lines": []}, "FakeStdioModule.__getattr__": {"executed_lines": [153, 155, 157, 159, 163, 167], "summary": {"covered_lines": 6, "num_statements": 11, "percent_covered": 54.54545454545455, "percent_covered_display": "55", "missing_lines": 5, "excluded_lines": 0}, "missing_lines": [154, 156, 158, 160, 164], "excluded_lines": []}, "FakeStdioClientModule.__init__": {"executed_lines": [174, 175, 176, 177, 178], "summary": {"covered_lines": 5, "num_statements": 5, "percent_covered": 100.0, "percent_covered_display": "100", "missing_lines": 0, "excluded_lines": 0}, "missing_lines": [], "excluded_lines": []}, "FakeStdioClientModule.__getattr__": {"executed_lines": [181, 183, 185, 187, 189], "summary": {"covered_lines": 5, "num_statements": 9, "percent_covered": 55.55555555555556, "percent_covered_display": "56", "missing_lines": 4, "excluded_lines": 0}, "missing_lines": [182, 184, 186, 188], "excluded_lines": []}, "FakeStdioServerParametersModule.__init__": {"executed_lines": [196, 197], "summary": {"covered_lines": 2, "num_statements": 2, "percent_covered": 100.0, "percent_covered_display": "100", "missing_lines": 0, "excluded_lines": 0}, "missing_lines": [], "excluded_lines": []}, "FakeStdioServerParametersModule.__getattr__": {"executed_lines": [200, 202], "summary": {"covered_lines": 2, "num_statements": 3, "percent_covered": 66.66666666666667, "percent_covered_display": "67", "missing_lines": 1, "excluded_lines": 0}, "missing_lines": [201], "excluded_lines": []}, "FakeStdioServerShutdownModule.__init__": {"executed_lines": [209, 210], "summary": {"covered_lines": 2, "num_statements": 2, "percent_covered": 100.0, "percent_covered_display": "100", "missing_lines": 0, "excluded_lines": 0}, "missing_lines": [], "excluded_lines": []}, "FakeStdioServerShutdownModule.__getattr__": {"executed_lines": [213, 215], "summary": {"covered_lines": 2, "num_statements": 3, "percent_covered": 66.66666666666667, "percent_covered_display": "67", "missing_lines": 1, "excluded_lines": 0}, "missing_lines": [214], "excluded_lines": []}, "": {"executed_lines": [2, 9, 10, 11, 12, 15, 24, 25, 26, 30, 50, 60, 78, 79, 89, 90, 91, 92, 98, 99, 100, 113, 114, 118, 121, 128, 129, 131, 134, 140, 141, 143, 152, 170, 171, 173, 180, 192, 193, 195, 199, 205, 206, 208, 212, 219, 220, 221, 224, 227, 231, 232, 233, 234, 237, 241], "summary": {"covered_lines": 50, "num_statements": 65, "percent_covered": 76.92307692307692, "percent_covered_display": "77", "missing_lines": 15, "excluded_lines": 0}, "missing_lines": [16, 80, 81, 82, 83, 85, 86, 101, 103, 104, 106, 108, 109, 115, 116], "excluded_lines": []}}, "classes": {"FakeTransportModule": {"executed_lines": [132, 135, 137], "summary": {"covered_lines": 3, "num_statements": 4, "percent_covered": 75.0, "percent_covered_display": "75", "missing_lines": 1, "excluded_lines": 0}, "missing_lines": [136], "excluded_lines": []}, "FakeStdioModule": {"executed_lines": [144, 146, 147, 150, 153, 155, 157, 159, 163, 167], "summary": {"covered_lines": 10, "num_statements": 15, "percent_covered": 66.66666666666667, "percent_covered_display": "67", "missing_lines": 5, "excluded_lines": 0}, "missing_lines": [154, 156, 158, 160, 164], "excluded_lines": []}, "FakeStdioClientModule": {"executed_lines": [174, 175, 176, 177, 178, 181, 183, 185, 187, 189], "summary": {"covered_lines": 10, "num_statements": 14, "percent_covered": 71.42857142857143, "percent_covered_display": "71", "missing_lines": 4, "excluded_lines": 0}, "missing_lines": [182, 184, 186, 188], "excluded_lines": []}, "FakeStdioServerParametersModule": {"executed_lines": [196, 197, 200, 202], "summary": {"covered_lines": 4, "num_statements": 5, "percent_covered": 80.0, "percent_covered_display": "80", "missing_lines": 1, "excluded_lines": 0}, "missing_lines": [201], "excluded_lines": []}, "FakeStdioServerShutdownModule": {"executed_lines": [209, 210, 213, 215], "summary": {"covered_lines": 4, "num_statements": 5, "percent_covered": 80.0, "percent_covered_display": "80", "missing_lines": 1, "excluded_lines": 0}, "missing_lines": [214], "excluded_lines": []}, "": {"executed_lines": [2, 9, 10, 11, 12, 15, 24, 25, 26, 30, 50, 60, 78, 79, 89, 90, 91, 92, 98, 99, 100, 113, 114, 118, 121, 128, 129, 131, 134, 140, 141, 143, 152, 170, 171, 173, 180, 192, 193, 195, 199, 205, 206, 208, 212, 219, 220, 221, 224, 227, 231, 232, 233, 234, 237, 241], "summary": {"covered_lines": 50, "num_statements": 72, "percent_covered": 69.44444444444444, "percent_covered_display": "69", "missing_lines": 22, "excluded_lines": 0}, "missing_lines": [16, 37, 39, 41, 42, 43, 46, 56, 80, 81, 82, 83, 85, 86, 101, 103, 104, 106, 108, 109, 115, 116], "excluded_lines": []}}}, "src/chuk_mcp/mcp_client/host/__init__.py": {"executed_lines": [2, 41, 49, 58], "summary": {"covered_lines": 3, "num_statements": 3, "percent_covered": 100.0, "percent_covered_display": "100", "missing_lines": 0, "excluded_lines": 0}, "missing_lines": [], "excluded_lines": [], "functions": {"": {"executed_lines": [2, 41, 49, 58], "summary": {"covered_lines": 3, "num_statements": 3, "percent_covered": 100.0, "percent_covered_display": "100", "missing_lines": 0, "excluded_lines": 0}, "missing_lines": [], "excluded_lines": []}}, "classes": {"": {"executed_lines": [2, 41, 49, 58], "summary": {"covered_lines": 3, "num_statements": 3, "percent_covered": 100.0, "percent_covered_display": "100", "missing_lines": 0, "excluded_lines": 0}, "missing_lines": [], "excluded_lines": []}}}, "src/chuk_mcp/mcp_client/host/environment.py": {"executed_lines": [2, 3, 6, 25, 31, 38], "summary": {"covered_lines": 6, "num_statements": 6, "percent_covered": 100.0, "percent_covered_display": "100", "missing_lines": 0, "excluded_lines": 0}, "missing_lines": [], "excluded_lines": [], "functions": {"get_default_environment": {"executed_lines": [31, 38], "summary": {"covered_lines": 2, "num_statements": 2, "percent_covered": 100.0, "percent_covered_display": "100", "missing_lines": 0, "excluded_lines": 0}, "missing_lines": [], "excluded_lines": []}, "": {"executed_lines": [2, 3, 6, 25], "summary": {"covered_lines": 4, "num_statements": 4, "percent_covered": 100.0, "percent_covered_display": "100", "missing_lines": 0, "excluded_lines": 0}, "missing_lines": [], "excluded_lines": []}}, "classes": {"": {"executed_lines": [2, 3, 6, 25, 31, 38], "summary": {"covered_lines": 6, "num_statements": 6, "percent_covered": 100.0, "percent_covered_display": "100", "missing_lines": 0, "excluded_lines": 0}, "missing_lines": [], "excluded_lines": []}}}, "src/chuk_mcp/mcp_client/host/server_manager.py": {"executed_lines": [2, 3, 4, 7, 10, 13, 100, 102, 103, 104, 105, 106, 107], "summary": {"covered_lines": 13, "num_statements": 71, "percent_covered": 18.309859154929576, "percent_covered_display": "18", "missing_lines": 58, "excluded_lines": 0}, "missing_lines": [14, 15, 16, 17, 20, 21, 24, 25, 26, 27, 28, 29, 31, 34, 35, 36, 37, 38, 39, 40, 41, 42, 44, 45, 52, 53, 54, 56, 57, 58, 59, 61, 62, 63, 66, 67, 68, 69, 71, 73, 74, 75, 76, 77, 79, 80, 81, 82, 83, 84, 85, 86, 87, 90, 91, 92, 93, 96], "excluded_lines": [], "functions": {"run_command": {"executed_lines": [13, 100, 102, 103, 104, 105, 106, 107], "summary": {"covered_lines": 8, "num_statements": 8, "percent_covered": 100.0, "percent_covered_display": "100", "missing_lines": 0, "excluded_lines": 0}, "missing_lines": [], "excluded_lines": []}, "run_command._run_clients": {"executed_lines": [], "summary": {"covered_lines": 0, "num_statements": 58, "percent_covered": 0.0, "percent_covered_display": "0", "missing_lines": 58, "excluded_lines": 0}, "missing_lines": [14, 15, 16, 17, 20, 21, 24, 25, 26, 27, 28, 29, 31, 34, 35, 36, 37, 38, 39, 40, 41, 42, 44, 45, 52, 53, 54, 56, 57, 58, 59, 61, 62, 63, 66, 67, 68, 69, 71, 73, 74, 75, 76, 77, 79, 80, 81, 82, 83, 84, 85, 86, 87, 90, 91, 92, 93, 96], "excluded_lines": []}, "": {"executed_lines": [2, 3, 4, 7, 10], "summary": {"covered_lines": 5, "num_statements": 5, "percent_covered": 100.0, "percent_covered_display": "100", "missing_lines": 0, "excluded_lines": 0}, "missing_lines": [], "excluded_lines": []}}, "classes": {"": {"executed_lines": [2, 3, 4, 7, 10, 13, 100, 102, 103, 104, 105, 106, 107], "summary": {"covered_lines": 13, "num_statements": 71, "percent_covered": 18.309859154929576, "percent_covered_display": "18", "missing_lines": 58, "excluded_lines": 0}, "missing_lines": [14, 15, 16, 17, 20, 21, 24, 25, 26, 27, 28, 29, 31, 34, 35, 36, 37, 38, 39, 40, 41, 42, 44, 45, 52, 53, 54, 56, 57, 58, 59, 61, 62, 63, 66, 67, 68, 69, 71, 73, 74, 75, 76, 77, 79, 80, 81, 82, 83, 84, 85, 86, 87, 90, 91, 92, 93, 96], "excluded_lines": []}}}, "src/chuk_mcp/protocol/__init__.py": {"executed_lines": [2, 10, 22, 48], "summary": {"covered_lines": 3, "num_statements": 3, "percent_covered": 100.0, "percent_covered_display": "100", "missing_lines": 0, "excluded_lines": 0}, "missing_lines": [], "excluded_lines": [], "functions": {"": {"executed_lines": [2, 10, 22, 48], "summary": {"covered_lines": 3, "num_statements": 3, "percent_covered": 100.0, "percent_covered_display": "100", "missing_lines": 0, "excluded_lines": 0}, "missing_lines": [], "excluded_lines": []}}, "classes": {"": {"executed_lines": [2, 10, 22, 48], "summary": {"covered_lines": 3, "num_statements": 3, "percent_covered": 100.0, "percent_covered_display": "100", "missing_lines": 0, "excluded_lines": 0}, "missing_lines": [], "excluded_lines": []}}}, "src/chuk_mcp/protocol/features/__init__.py": {"executed_lines": [2, 9, 16], "summary": {"covered_lines": 2, "num_statements": 2, "percent_covered": 100.0, "percent_covered_display": "100", "missing_lines": 0, "excluded_lines": 0}, "missing_lines": [], "excluded_lines": [], "functions": {"": {"executed_lines": [2, 9, 16], "summary": {"covered_lines": 2, "num_statements": 2, "percent_covered": 100.0, "percent_covered_display": "100", "missing_lines": 0, "excluded_lines": 0}, "missing_lines": [], "excluded_lines": []}}, "classes": {"": {"executed_lines": [2, 9, 16], "summary": {"covered_lines": 2, "num_statements": 2, "percent_covered": 100.0, "percent_covered_display": "100", "missing_lines": 0, "excluded_lines": 0}, "missing_lines": [], "excluded_lines": []}}}, "src/chuk_mcp/protocol/features/batching.py": {"executed_lines": [2, 10, 11, 13, 16, 28, 30, 31, 33, 35, 36, 38, 41, 43, 44, 45, 48, 49, 52, 53, 54, 57, 58, 59, 62, 65, 66, 68, 70, 73, 76, 94, 95, 97, 98, 99, 101, 105, 107, 108, 109, 111, 112, 116, 126, 127, 129, 131, 157, 209, 226, 257], "summary": {"covered_lines": 50, "num_statements": 88, "percent_covered": 56.81818181818182, "percent_covered_display": "57", "missing_lines": 38, "excluded_lines": 0}, "missing_lines": [88, 89, 91, 143, 171, 172, 175, 177, 180, 183, 184, 186, 187, 188, 189, 190, 191, 192, 194, 202, 205, 215, 217, 222, 228, 237, 238, 239, 240, 243, 245, 246, 248, 249, 251, 252, 254, 259], "excluded_lines": [], "functions": {"supports_batching": {"executed_lines": [28, 30, 31, 33, 35, 36, 38, 41, 43, 44, 45, 48, 49, 52, 53, 54, 57, 58, 59, 62, 65, 66, 68, 70, 73], "summary": {"covered_lines": 25, "num_statements": 25, "percent_covered": 100.0, "percent_covered_display": "100", "missing_lines": 0, "excluded_lines": 0}, "missing_lines": [], "excluded_lines": []}, "should_reject_batch": {"executed_lines": [], "summary": {"covered_lines": 0, "num_statements": 3, "percent_covered": 0.0, "percent_covered_display": "0", "missing_lines": 3, "excluded_lines": 0}, "missing_lines": [88, 89, 91], "excluded_lines": []}, "BatchProcessor.__init__": {"executed_lines": [98, 99, 101], "summary": {"covered_lines": 3, "num_statements": 3, "percent_covered": 100.0, "percent_covered_display": "100", "missing_lines": 0, "excluded_lines": 0}, "missing_lines": [], "excluded_lines": []}, "BatchProcessor.update_protocol_version": {"executed_lines": [107, 108, 109, 111, 112], "summary": {"covered_lines": 5, "num_statements": 5, "percent_covered": 100.0, "percent_covered_display": "100", "missing_lines": 0, "excluded_lines": 0}, "missing_lines": [], "excluded_lines": []}, "BatchProcessor.can_process_batch": {"executed_lines": [126, 127, 129], "summary": {"covered_lines": 3, "num_statements": 3, "percent_covered": 100.0, "percent_covered_display": "100", "missing_lines": 0, "excluded_lines": 0}, "missing_lines": [], "excluded_lines": []}, "BatchProcessor.create_batch_rejection_error": {"executed_lines": [], "summary": {"covered_lines": 0, "num_statements": 1, "percent_covered": 0.0, "percent_covered_display": "0", "missing_lines": 1, "excluded_lines": 0}, "missing_lines": [143], "excluded_lines": []}, "BatchProcessor.process_message_data": {"executed_lines": [], "summary": {"covered_lines": 0, "num_statements": 17, "percent_covered": 0.0, "percent_covered_display": "0", "missing_lines": 17, "excluded_lines": 0}, "missing_lines": [171, 172, 175, 177, 180, 183, 184, 186, 187, 188, 189, 190, 191, 192, 194, 202, 205], "excluded_lines": []}, "_supports_batch_processing": {"executed_lines": [], "summary": {"covered_lines": 0, "num_statements": 3, "percent_covered": 0.0, "percent_covered_display": "0", "missing_lines": 3, "excluded_lines": 0}, "missing_lines": [215, 217, 222], "excluded_lines": []}, "test_version_batching_scenarios": {"executed_lines": [], "summary": {"covered_lines": 0, "num_statements": 13, "percent_covered": 0.0, "percent_covered_display": "0", "missing_lines": 13, "excluded_lines": 0}, "missing_lines": [228, 237, 238, 239, 240, 243, 245, 246, 248, 249, 251, 252, 254], "excluded_lines": []}, "": {"executed_lines": [2, 10, 11, 13, 16, 76, 94, 95, 97, 105, 116, 131, 157, 209, 226, 257], "summary": {"covered_lines": 14, "num_statements": 15, "percent_covered": 93.33333333333333, "percent_covered_display": "93", "missing_lines": 1, "excluded_lines": 0}, "missing_lines": [259], "excluded_lines": []}}, "classes": {"BatchProcessor": {"executed_lines": [98, 99, 101, 107, 108, 109, 111, 112, 126, 127, 129], "summary": {"covered_lines": 11, "num_statements": 29, "percent_covered": 37.93103448275862, "percent_covered_display": "38", "missing_lines": 18, "excluded_lines": 0}, "missing_lines": [143, 171, 172, 175, 177, 180, 183, 184, 186, 187, 188, 189, 190, 191, 192, 194, 202, 205], "excluded_lines": []}, "": {"executed_lines": [2, 10, 11, 13, 16, 28, 30, 31, 33, 35, 36, 38, 41, 43, 44, 45, 48, 49, 52, 53, 54, 57, 58, 59, 62, 65, 66, 68, 70, 73, 76, 94, 95, 97, 105, 116, 131, 157, 209, 226, 257], "summary": {"covered_lines": 39, "num_statements": 59, "percent_covered": 66.10169491525424, "percent_covered_display": "66", "missing_lines": 20, "excluded_lines": 0}, "missing_lines": [88, 89, 91, 215, 217, 222, 228, 237, 238, 239, 240, 243, 245, 246, 248, 249, 251, 252, 254, 259], "excluded_lines": []}}}, "src/chuk_mcp/protocol/mcp_pydantic_base.py": {"executed_lines": [2, 3, 4, 5, 6, 20, 30, 32, 33, 34, 44, 45, 47, 51, 53, 58, 60, 61, 63, 65, 72, 74, 75, 79, 80, 84, 85, 87, 93, 94, 95, 96, 98, 101, 107, 109, 110, 112, 114, 115, 116, 119, 123, 124, 127, 131, 132, 135, 136, 137, 145, 146, 147, 149, 150, 151, 152, 153, 154, 163, 164, 166, 167, 172, 173, 182, 185, 187, 189, 190, 191, 192, 193, 194, 196, 199, 201, 210, 212, 213, 214, 218, 222, 223, 224, 228, 229, 239, 242, 243, 244, 247, 248, 249, 250, 251, 252, 265, 266, 269, 271, 272, 275, 277, 279, 280, 285, 287, 291, 293, 295, 304, 305, 308, 316, 319, 322, 323, 331, 340, 341, 343, 344, 345, 356, 377, 380, 381, 382, 383, 384, 414, 415, 420, 421, 422, 423, 426, 429, 430, 433, 434, 439, 440, 441, 443, 444, 445, 450, 457, 458, 463, 464, 466, 477, 487, 490, 491, 492, 493, 494, 495, 496, 499, 501, 502, 503, 506, 507, 508, 510, 511, 513, 514, 515, 518, 519, 523, 524, 525, 528, 529, 530, 531, 533, 535, 538, 539, 542, 546, 547, 549, 551, 553, 556, 559, 562, 565, 568, 570, 572, 573, 575, 576, 577, 579, 581, 583, 586, 587, 588, 589, 590, 591, 592, 594, 597, 599, 601, 603, 604, 605, 606, 608, 609, 614, 616, 618, 621, 624, 625, 628, 630, 632, 633, 639, 640, 643, 648, 655, 657, 659, 664, 666, 667, 670, 671, 672, 674, 684, 686, 687, 690, 692, 693, 694, 695, 697, 698, 699, 701, 705, 707, 711, 712, 719, 720, 726, 727, 734, 736, 740, 741, 746, 758, 766, 767, 769, 771, 775, 776, 778, 779, 793, 796, 799, 801, 807, 808, 811, 819], "summary": {"covered_lines": 287, "num_statements": 395, "percent_covered": 72.65822784810126, "percent_covered_display": "73", "missing_lines": 108, "excluded_lines": 0}, "missing_lines": [48, 49, 54, 55, 68, 69, 70, 77, 99, 103, 104, 105, 117, 128, 138, 139, 142, 157, 158, 159, 177, 178, 179, 183, 215, 219, 225, 230, 253, 254, 257, 258, 267, 278, 282, 292, 294, 296, 297, 299, 311, 312, 313, 314, 324, 325, 337, 342, 346, 347, 353, 357, 358, 359, 360, 361, 362, 363, 364, 366, 372, 389, 390, 392, 399, 400, 402, 403, 404, 405, 411, 416, 424, 435, 461, 488, 520, 521, 543, 544, 626, 634, 636, 644, 660, 662, 668, 688, 691, 742, 743, 744, 773, 780, 781, 782, 783, 784, 785, 787, 794, 797, 814, 815, 817, 822, 823, 825], "excluded_lines": [], "functions": {"McpPydanticBase.model_dump_mcp": {"executed_lines": [74, 75], "summary": {"covered_lines": 2, "num_statements": 3, "percent_covered": 66.66666666666667, "percent_covered_display": "67", "missing_lines": 1, "excluded_lines": 0}, "missing_lines": [77], "excluded_lines": []}, "": {"executed_lines": [2, 3, 4, 5, 6, 20, 30, 32, 33, 34, 44, 45, 47, 51, 53, 58, 60, 61, 63, 65, 72, 79, 80, 84, 85, 87, 93, 94, 95, 96, 98, 101, 107, 109, 110, 112, 114, 115, 116, 119, 123, 124, 127, 131, 132, 135, 136, 137, 145, 146, 147, 149, 150, 151, 152, 153, 154, 163, 164, 166, 167, 172, 173, 182, 185, 187, 189, 190, 191, 192, 193, 194, 196, 199, 201, 210, 212, 213, 214, 218, 222, 223, 224, 228, 229, 239, 242, 243, 244, 247, 248, 249, 250, 251, 252, 265, 266, 269, 271, 272, 275, 277, 279, 280, 285, 287, 291, 293, 295, 304, 305, 308, 316, 319, 322, 323, 331, 340, 341, 343, 344, 345, 356, 377, 380, 381, 382, 383, 384, 414, 415, 420, 421, 422, 423, 426, 429, 430, 433, 434, 439, 440, 441, 443, 444, 445, 450, 457, 458, 463, 464, 466, 477, 487, 490, 491, 492, 493, 494, 495, 496, 499, 501, 502, 503, 506, 507, 508, 510, 511, 513, 514, 515, 518, 519, 523, 524, 525, 528, 529, 530, 531, 533, 535, 538, 539, 542, 546, 547, 549, 551, 553, 556, 559, 562, 565, 568, 570, 572, 573, 575, 576, 577, 579, 581, 583, 586, 587, 588, 589, 590, 591, 592, 594, 597, 599, 601, 603, 604, 605, 606, 608, 609, 614, 616, 618, 621, 624, 625, 628, 630, 632, 633, 639, 640, 643, 648, 655, 657, 659, 664, 666, 667, 670, 671, 672, 674, 684, 686, 687, 690, 692, 693, 694, 695, 697, 698, 699, 701, 705, 707, 711, 712, 719, 720, 726, 727, 734, 736, 740, 741, 746, 758, 766, 767, 769, 771, 775, 776, 778, 779, 793, 796, 799, 801, 807, 808, 811, 819], "summary": {"covered_lines": 285, "num_statements": 392, "percent_covered": 72.70408163265306, "percent_covered_display": "73", "missing_lines": 107, "excluded_lines": 0}, "missing_lines": [48, 49, 54, 55, 68, 69, 70, 99, 103, 104, 105, 117, 128, 138, 139, 142, 157, 158, 159, 177, 178, 179, 183, 215, 219, 225, 230, 253, 254, 257, 258, 267, 278, 282, 292, 294, 296, 297, 299, 311, 312, 313, 314, 324, 325, 337, 342, 346, 347, 353, 357, 358, 359, 360, 361, 362, 363, 364, 366, 372, 389, 390, 392, 399, 400, 402, 403, 404, 405, 411, 416, 424, 435, 461, 488, 520, 521, 543, 544, 626, 634, 636, 644, 660, 662, 668, 688, 691, 742, 743, 744, 773, 780, 781, 782, 783, 784, 785, 787, 794, 797, 814, 815, 817, 822, 823, 825], "excluded_lines": []}}, "classes": {"McpPydanticBase": {"executed_lines": [74, 75], "summary": {"covered_lines": 2, "num_statements": 3, "percent_covered": 66.66666666666667, "percent_covered_display": "67", "missing_lines": 1, "excluded_lines": 0}, "missing_lines": [77], "excluded_lines": []}, "": {"executed_lines": [2, 3, 4, 5, 6, 20, 30, 32, 33, 34, 44, 45, 47, 51, 53, 58, 60, 61, 63, 65, 72, 79, 80, 84, 85, 87, 93, 94, 95, 96, 98, 101, 107, 109, 110, 112, 114, 115, 116, 119, 123, 124, 127, 131, 132, 135, 136, 137, 145, 146, 147, 149, 150, 151, 152, 153, 154, 163, 164, 166, 167, 172, 173, 182, 185, 187, 189, 190, 191, 192, 193, 194, 196, 199, 201, 210, 212, 213, 214, 218, 222, 223, 224, 228, 229, 239, 242, 243, 244, 247, 248, 249, 250, 251, 252, 265, 266, 269, 271, 272, 275, 277, 279, 280, 285, 287, 291, 293, 295, 304, 305, 308, 316, 319, 322, 323, 331, 340, 341, 343, 344, 345, 356, 377, 380, 381, 382, 383, 384, 414, 415, 420, 421, 422, 423, 426, 429, 430, 433, 434, 439, 440, 441, 443, 444, 445, 450, 457, 458, 463, 464, 466, 477, 487, 490, 491, 492, 493, 494, 495, 496, 499, 501, 502, 503, 506, 507, 508, 510, 511, 513, 514, 515, 518, 519, 523, 524, 525, 528, 529, 530, 531, 533, 535, 538, 539, 542, 546, 547, 549, 551, 553, 556, 559, 562, 565, 568, 570, 572, 573, 575, 576, 577, 579, 581, 583, 586, 587, 588, 589, 590, 591, 592, 594, 597, 599, 601, 603, 604, 605, 606, 608, 609, 614, 616, 618, 621, 624, 625, 628, 630, 632, 633, 639, 640, 643, 648, 655, 657, 659, 664, 666, 667, 670, 671, 672, 674, 684, 686, 687, 690, 692, 693, 694, 695, 697, 698, 699, 701, 705, 707, 711, 712, 719, 720, 726, 727, 734, 736, 740, 741, 746, 758, 766, 767, 769, 771, 775, 776, 778, 779, 793, 796, 799, 801, 807, 808, 811, 819], "summary": {"covered_lines": 285, "num_statements": 392, "percent_covered": 72.70408163265306, "percent_covered_display": "73", "missing_lines": 107, "excluded_lines": 0}, "missing_lines": [48, 49, 54, 55, 68, 69, 70, 99, 103, 104, 105, 117, 128, 138, 139, 142, 157, 158, 159, 177, 178, 179, 183, 215, 219, 225, 230, 253, 254, 257, 258, 267, 278, 282, 292, 294, 296, 297, 299, 311, 312, 313, 314, 324, 325, 337, 342, 346, 347, 353, 357, 358, 359, 360, 361, 362, 363, 364, 366, 372, 389, 390, 392, 399, 400, 402, 403, 404, 405, 411, 416, 424, 435, 461, 488, 520, 521, 543, 544, 626, 634, 636, 644, 660, 662, 668, 688, 691, 742, 743, 744, 773, 780, 781, 782, 783, 784, 785, 787, 794, 797, 814, 815, 817, 822, 823, 825], "excluded_lines": []}}}, "src/chuk_mcp/protocol/messages/__init__.py": {"executed_lines": [2, 11, 12, 13, 16, 23, 30, 37, 44, 49, 54, 56, 57, 63, 73, 74, 79, 88, 89, 94, 103, 104, 113, 114, 116], "summary": {"covered_lines": 24, "num_statements": 31, "percent_covered": 77.41935483870968, "percent_covered_display": "77", "missing_lines": 7, "excluded_lines": 0}, "missing_lines": [70, 71, 85, 86, 100, 101, 108], "excluded_lines": [], "functions": {"": {"executed_lines": [2, 11, 12, 13, 16, 23, 30, 37, 44, 49, 54, 56, 57, 63, 73, 74, 79, 88, 89, 94, 103, 104, 113, 114, 116], "summary": {"covered_lines": 24, "num_statements": 31, "percent_covered": 77.41935483870968, "percent_covered_display": "77", "missing_lines": 7, "excluded_lines": 0}, "missing_lines": [70, 71, 85, 86, 100, 101, 108], "excluded_lines": []}}, "classes": {"": {"executed_lines": [2, 11, 12, 13, 16, 23, 30, 37, 44, 49, 54, 56, 57, 63, 73, 74, 79, 88, 89, 94, 103, 104, 113, 114, 116], "summary": {"covered_lines": 24, "num_statements": 31, "percent_covered": 77.41935483870968, "percent_covered_display": "77", "missing_lines": 7, "excluded_lines": 0}, "missing_lines": [70, 71, 85, 86, 100, 101, 108], "excluded_lines": []}}}, "src/chuk_mcp/protocol/messages/completions/__init__.py": {"executed_lines": [2, 29, 52], "summary": {"covered_lines": 2, "num_statements": 2, "percent_covered": 100.0, "percent_covered_display": "100", "missing_lines": 0, "excluded_lines": 0}, "missing_lines": [], "excluded_lines": [], "functions": {"": {"executed_lines": [2, 29, 52], "summary": {"covered_lines": 2, "num_statements": 2, "percent_covered": 100.0, "percent_covered_display": "100", "missing_lines": 0, "excluded_lines": 0}, "missing_lines": [], "excluded_lines": []}}, "classes": {"": {"executed_lines": [2, 29, 52], "summary": {"covered_lines": 2, "num_statements": 2, "percent_covered": 100.0, "percent_covered_display": "100", "missing_lines": 0, "excluded_lines": 0}, "missing_lines": [], "excluded_lines": []}}}, "src/chuk_mcp/protocol/messages/completions/send_messages.py": {"executed_lines": [2, 9, 10, 12, 13, 14, 17, 18, 20, 22, 23, 25, 28, 29, 31, 33, 34, 36, 40, 43, 44, 46, 47, 49, 50, 52, 55, 56, 58, 59, 63, 64, 69, 70, 75, 77, 83, 127, 140, 153, 167, 201, 235, 236, 243, 248, 258, 268, 322, 371, 392], "summary": {"covered_lines": 45, "num_statements": 111, "percent_covered": 40.54054054054054, "percent_covered_display": "41", "missing_lines": 66, "excluded_lines": 0}, "missing_lines": [79, 80, 109, 110, 112, 121, 137, 150, 164, 189, 197, 198, 223, 231, 232, 245, 246, 256, 266, 284, 285, 286, 288, 290, 291, 292, 294, 295, 296, 297, 298, 299, 300, 301, 303, 304, 307, 310, 311, 312, 314, 340, 341, 343, 346, 347, 348, 350, 351, 353, 354, 355, 356, 357, 358, 359, 361, 363, 364, 365, 366, 368, 385, 386, 387, 389], "excluded_lines": [], "functions": {"CompletionResult.__post_init__": {"executed_lines": [], "summary": {"covered_lines": 0, "num_statements": 2, "percent_covered": 0.0, "percent_covered_display": "0", "missing_lines": 2, "excluded_lines": 0}, "missing_lines": [79, 80], "excluded_lines": []}, "send_completion_complete": {"executed_lines": [], "summary": {"covered_lines": 0, "num_statements": 4, "percent_covered": 0.0, "percent_covered_display": "0", "missing_lines": 4, "excluded_lines": 0}, "missing_lines": [109, 110, 112, 121], "excluded_lines": []}, "create_resource_reference": {"executed_lines": [], "summary": {"covered_lines": 0, "num_statements": 1, "percent_covered": 0.0, "percent_covered_display": "0", "missing_lines": 1, "excluded_lines": 0}, "missing_lines": [137], "excluded_lines": []}, "create_prompt_reference": {"executed_lines": [], "summary": {"covered_lines": 0, "num_statements": 1, "percent_covered": 0.0, "percent_covered_display": "0", "missing_lines": 1, "excluded_lines": 0}, "missing_lines": [150], "excluded_lines": []}, "create_argument_info": {"executed_lines": [], "summary": {"covered_lines": 0, "num_statements": 1, "percent_covered": 0.0, "percent_covered_display": "0", "missing_lines": 1, "excluded_lines": 0}, "missing_lines": [164], "excluded_lines": []}, "complete_resource_argument": {"executed_lines": [], "summary": {"covered_lines": 0, "num_statements": 3, "percent_covered": 0.0, "percent_covered_display": "0", "missing_lines": 3, "excluded_lines": 0}, "missing_lines": [189, 197, 198], "excluded_lines": []}, "complete_prompt_argument": {"executed_lines": [], "summary": {"covered_lines": 0, "num_statements": 3, "percent_covered": 0.0, "percent_covered_display": "0", "missing_lines": 3, "excluded_lines": 0}, "missing_lines": [223, 231, 232], "excluded_lines": []}, "CompletionProvider.__init__": {"executed_lines": [], "summary": {"covered_lines": 0, "num_statements": 2, "percent_covered": 0.0, "percent_covered_display": "0", "missing_lines": 2, "excluded_lines": 0}, "missing_lines": [245, 246], "excluded_lines": []}, "CompletionProvider.register_resource_handler": {"executed_lines": [], "summary": {"covered_lines": 0, "num_statements": 1, "percent_covered": 0.0, "percent_covered_display": "0", "missing_lines": 1, "excluded_lines": 0}, "missing_lines": [256], "excluded_lines": []}, "CompletionProvider.register_prompt_handler": {"executed_lines": [], "summary": {"covered_lines": 0, "num_statements": 1, "percent_covered": 0.0, "percent_covered_display": "0", "missing_lines": 1, "excluded_lines": 0}, "missing_lines": [266], "excluded_lines": []}, "CompletionProvider.handle_completion_request": {"executed_lines": [], "summary": {"covered_lines": 0, "num_statements": 22, "percent_covered": 0.0, "percent_covered_display": "0", "missing_lines": 22, "excluded_lines": 0}, "missing_lines": [284, 285, 286, 288, 290, 291, 292, 294, 295, 296, 297, 298, 299, 300, 301, 303, 304, 307, 310, 311, 312, 314], "excluded_lines": []}, "complete_file_path": {"executed_lines": [], "summary": {"covered_lines": 0, "num_statements": 21, "percent_covered": 0.0, "percent_covered_display": "0", "missing_lines": 21, "excluded_lines": 0}, "missing_lines": [340, 341, 343, 346, 347, 348, 350, 351, 353, 354, 355, 356, 357, 358, 359, 361, 363, 364, 365, 366, 368], "excluded_lines": []}, "complete_enum_value": {"executed_lines": [], "summary": {"covered_lines": 0, "num_statements": 4, "percent_covered": 0.0, "percent_covered_display": "0", "missing_lines": 4, "excluded_lines": 0}, "missing_lines": [385, 386, 387, 389], "excluded_lines": []}, "": {"executed_lines": [2, 9, 10, 12, 13, 14, 17, 18, 20, 22, 23, 25, 28, 29, 31, 33, 34, 36, 40, 43, 44, 46, 47, 49, 50, 52, 55, 56, 58, 59, 63, 64, 69, 70, 75, 77, 83, 127, 140, 153, 167, 201, 235, 236, 243, 248, 258, 268, 322, 371, 392], "summary": {"covered_lines": 45, "num_statements": 45, "percent_covered": 100.0, "percent_covered_display": "100", "missing_lines": 0, "excluded_lines": 0}, "missing_lines": [], "excluded_lines": []}}, "classes": {"ResourceReference": {"executed_lines": [], "summary": {"covered_lines": 0, "num_statements": 0, "percent_covered": 100.0, "percent_covered_display": "100", "missing_lines": 0, "excluded_lines": 0}, "missing_lines": [], "excluded_lines": []}, "PromptReference": {"executed_lines": [], "summary": {"covered_lines": 0, "num_statements": 0, "percent_covered": 100.0, "percent_covered_display": "100", "missing_lines": 0, "excluded_lines": 0}, "missing_lines": [], "excluded_lines": []}, "ArgumentInfo": {"executed_lines": [], "summary": {"covered_lines": 0, "num_statements": 0, "percent_covered": 100.0, "percent_covered_display": "100", "missing_lines": 0, "excluded_lines": 0}, "missing_lines": [], "excluded_lines": []}, "CompletionResult": {"executed_lines": [], "summary": {"covered_lines": 0, "num_statements": 2, "percent_covered": 0.0, "percent_covered_display": "0", "missing_lines": 2, "excluded_lines": 0}, "missing_lines": [79, 80], "excluded_lines": []}, "CompletionProvider": {"executed_lines": [], "summary": {"covered_lines": 0, "num_statements": 26, "percent_covered": 0.0, "percent_covered_display": "0", "missing_lines": 26, "excluded_lines": 0}, "missing_lines": [245, 246, 256, 266, 284, 285, 286, 288, 290, 291, 292, 294, 295, 296, 297, 298, 299, 300, 301, 303, 304, 307, 310, 311, 312, 314], "excluded_lines": []}, "": {"executed_lines": [2, 9, 10, 12, 13, 14, 17, 18, 20, 22, 23, 25, 28, 29, 31, 33, 34, 36, 40, 43, 44, 46, 47, 49, 50, 52, 55, 56, 58, 59, 63, 64, 69, 70, 75, 77, 83, 127, 140, 153, 167, 201, 235, 236, 243, 248, 258, 268, 322, 371, 392], "summary": {"covered_lines": 45, "num_statements": 83, "percent_covered": 54.21686746987952, "percent_covered_display": "54", "missing_lines": 38, "excluded_lines": 0}, "missing_lines": [109, 110, 112, 121, 137, 150, 164, 189, 197, 198, 223, 231, 232, 340, 341, 343, 346, 347, 348, 350, 351, 353, 354, 355, 356, 357, 358, 359, 361, 363, 364, 365, 366, 368, 385, 386, 387, 389], "excluded_lines": []}}}, "src/chuk_mcp/protocol/messages/initialize/__init__.py": {"executed_lines": [2, 30, 46, 49, 56, 63], "summary": {"covered_lines": 5, "num_statements": 5, "percent_covered": 100.0, "percent_covered_display": "100", "missing_lines": 0, "excluded_lines": 0}, "missing_lines": [], "excluded_lines": [], "functions": {"": {"executed_lines": [2, 30, 46, 49, 56, 63], "summary": {"covered_lines": 5, "num_statements": 5, "percent_covered": 100.0, "percent_covered_display": "100", "missing_lines": 0, "excluded_lines": 0}, "missing_lines": [], "excluded_lines": []}}, "classes": {"": {"executed_lines": [2, 30, 46, 49, 56, 63], "summary": {"covered_lines": 5, "num_statements": 5, "percent_covered": 100.0, "percent_covered_display": "100", "missing_lines": 0, "excluded_lines": 0}, "missing_lines": [], "excluded_lines": []}}}, "src/chuk_mcp/protocol/messages/initialize/send_messages.py": {"executed_lines": [2, 3, 4, 7, 8, 14, 18, 19, 22, 25, 28, 29, 31, 32, 33, 35, 38, 39, 41, 42, 43, 44, 45, 47, 50, 81, 82, 85, 87, 90, 93, 94, 97, 103, 104, 105, 108, 117, 120, 123, 125, 127, 128, 130, 133, 145, 147, 149, 151, 154, 156, 157, 159, 162, 164, 165, 168, 171, 184, 194, 196, 198, 203, 204, 211, 213, 216, 218, 221, 223, 226, 228, 231], "summary": {"covered_lines": 71, "num_statements": 90, "percent_covered": 78.88888888888889, "percent_covered_display": "79", "missing_lines": 19, "excluded_lines": 0}, "missing_lines": [138, 139, 140, 141, 142, 153, 172, 174, 177, 178, 181, 206, 207, 208, 262, 271, 272, 273, 275], "excluded_lines": [], "functions": {"send_initialize": {"executed_lines": [81, 82, 85, 87, 90, 93, 94, 97, 103, 104, 105, 108, 117, 120, 123, 125, 127, 128, 130, 133, 145, 147, 149, 151, 154, 156, 157, 159, 162, 164, 165, 168, 171], "summary": {"covered_lines": 33, "num_statements": 44, "percent_covered": 75.0, "percent_covered_display": "75", "missing_lines": 11, "excluded_lines": 0}, "missing_lines": [138, 139, 140, 141, 142, 153, 172, 174, 177, 178, 181], "excluded_lines": []}, "send_initialized_notification": {"executed_lines": [194, 196, 198, 203, 204], "summary": {"covered_lines": 5, "num_statements": 8, "percent_covered": 62.5, "percent_covered_display": "62", "missing_lines": 3, "excluded_lines": 0}, "missing_lines": [206, 207, 208], "excluded_lines": []}, "get_supported_versions": {"executed_lines": [213], "summary": {"covered_lines": 1, "num_statements": 1, "percent_covered": 100.0, "percent_covered_display": "100", "missing_lines": 0, "excluded_lines": 0}, "missing_lines": [], "excluded_lines": []}, "get_current_version": {"executed_lines": [218], "summary": {"covered_lines": 1, "num_statements": 1, "percent_covered": 100.0, "percent_covered_display": "100", "missing_lines": 0, "excluded_lines": 0}, "missing_lines": [], "excluded_lines": []}, "is_version_supported": {"executed_lines": [223], "summary": {"covered_lines": 1, "num_statements": 1, "percent_covered": 100.0, "percent_covered_display": "100", "missing_lines": 0, "excluded_lines": 0}, "missing_lines": [], "excluded_lines": []}, "validate_version_format": {"executed_lines": [228], "summary": {"covered_lines": 1, "num_statements": 1, "percent_covered": 100.0, "percent_covered_display": "100", "missing_lines": 0, "excluded_lines": 0}, "missing_lines": [], "excluded_lines": []}, "send_initialize_with_client_tracking": {"executed_lines": [], "summary": {"covered_lines": 0, "num_statements": 5, "percent_covered": 0.0, "percent_covered_display": "0", "missing_lines": 5, "excluded_lines": 0}, "missing_lines": [262, 271, 272, 273, 275], "excluded_lines": []}, "": {"executed_lines": [2, 3, 4, 7, 8, 14, 18, 19, 22, 25, 28, 29, 31, 32, 33, 35, 38, 39, 41, 42, 43, 44, 45, 47, 50, 184, 211, 216, 221, 226, 231], "summary": {"covered_lines": 29, "num_statements": 29, "percent_covered": 100.0, "percent_covered_display": "100", "missing_lines": 0, "excluded_lines": 0}, "missing_lines": [], "excluded_lines": []}}, "classes": {"InitializeParams": {"executed_lines": [], "summary": {"covered_lines": 0, "num_statements": 0, "percent_covered": 100.0, "percent_covered_display": "100", "missing_lines": 0, "excluded_lines": 0}, "missing_lines": [], "excluded_lines": []}, "InitializeResult": {"executed_lines": [], "summary": {"covered_lines": 0, "num_statements": 0, "percent_covered": 100.0, "percent_covered_display": "100", "missing_lines": 0, "excluded_lines": 0}, "missing_lines": [], "excluded_lines": []}, "": {"executed_lines": [2, 3, 4, 7, 8, 14, 18, 19, 22, 25, 28, 29, 31, 32, 33, 35, 38, 39, 41, 42, 43, 44, 45, 47, 50, 81, 82, 85, 87, 90, 93, 94, 97, 103, 104, 105, 108, 117, 120, 123, 125, 127, 128, 130, 133, 145, 147, 149, 151, 154, 156, 157, 159, 162, 164, 165, 168, 171, 184, 194, 196, 198, 203, 204, 211, 213, 216, 218, 221, 223, 226, 228, 231], "summary": {"covered_lines": 71, "num_statements": 90, "percent_covered": 78.88888888888889, "percent_covered_display": "79", "missing_lines": 19, "excluded_lines": 0}, "missing_lines": [138, 139, 140, 141, 142, 153, 172, 174, 177, 178, 181, 206, 207, 208, 262, 271, 272, 273, 275], "excluded_lines": []}}}, "src/chuk_mcp/protocol/messages/json_rpc_message.py": {"executed_lines": [2, 3, 6, 7, 10, 11, 13, 14, 15, 16, 18, 21, 22, 24, 25, 26, 28, 31, 32, 34, 35, 36, 38, 41, 42, 44, 45, 46, 48, 50, 52, 53, 55, 62, 63, 66, 79, 86, 92, 99, 102, 106, 109, 111, 113, 116, 120, 121, 123, 126, 142, 156, 160, 161, 192, 193, 198, 201, 202, 205, 206, 209, 210, 213, 214, 217, 218, 221, 222, 225, 235, 241, 244, 247, 250, 253, 259, 260, 265, 266, 267, 268, 269, 270, 272, 274, 277, 279, 283, 287, 288, 290, 293, 317, 318, 336, 339, 342, 343, 345, 347, 349, 350, 351, 353, 354, 356, 357, 360, 361, 363, 366, 368, 369, 376, 377, 379, 380, 382, 383, 389, 390, 394, 396, 397, 401, 402, 404, 406, 410, 414, 418], "summary": {"covered_lines": 126, "num_statements": 211, "percent_covered": 59.71563981042654, "percent_covered_display": "60", "missing_lines": 85, "excluded_lines": 0}, "missing_lines": [54, 58, 87, 89, 93, 94, 95, 96, 97, 112, 122, 143, 144, 145, 148, 149, 150, 151, 153, 157, 162, 163, 166, 167, 169, 170, 171, 172, 175, 177, 178, 180, 181, 183, 184, 186, 188, 199, 203, 207, 211, 215, 219, 223, 227, 228, 229, 231, 233, 237, 239, 242, 245, 248, 251, 254, 280, 284, 289, 291, 297, 298, 304, 305, 310, 311, 312, 313, 315, 323, 324, 327, 328, 329, 330, 331, 332, 334, 364, 387, 403, 408, 412, 416, 420], "excluded_lines": [], "functions": {"JSONRPCError.model_post_init": {"executed_lines": [52, 53, 55], "summary": {"covered_lines": 3, "num_statements": 5, "percent_covered": 60.0, "percent_covered_display": "60", "missing_lines": 2, "excluded_lines": 0}, "missing_lines": [54, 58], "excluded_lines": []}, "create_request": {"executed_lines": [86, 92, 99], "summary": {"covered_lines": 3, "num_statements": 10, "percent_covered": 30.0, "percent_covered_display": "30", "missing_lines": 7, "excluded_lines": 0}, "missing_lines": [87, 89, 93, 94, 95, 96, 97], "excluded_lines": []}, "create_notification": {"executed_lines": [106], "summary": {"covered_lines": 1, "num_statements": 1, "percent_covered": 100.0, "percent_covered_display": "100", "missing_lines": 0, "excluded_lines": 0}, "missing_lines": [], "excluded_lines": []}, "create_response": {"executed_lines": [111, 113], "summary": {"covered_lines": 2, "num_statements": 3, "percent_covered": 66.66666666666667, "percent_covered_display": "67", "missing_lines": 1, "excluded_lines": 0}, "missing_lines": [112], "excluded_lines": []}, "create_error_response": {"executed_lines": [120, 121, 123], "summary": {"covered_lines": 3, "num_statements": 4, "percent_covered": 75.0, "percent_covered_display": "75", "missing_lines": 1, "excluded_lines": 0}, "missing_lines": [122], "excluded_lines": []}, "parse_message": {"executed_lines": [142, 156, 160, 161], "summary": {"covered_lines": 4, "num_statements": 30, "percent_covered": 13.333333333333334, "percent_covered_display": "13", "missing_lines": 26, "excluded_lines": 0}, "missing_lines": [143, 144, 145, 148, 149, 150, 151, 153, 157, 162, 163, 166, 167, 169, 170, 171, 172, 175, 177, 178, 180, 181, 183, 184, 186, 188], "excluded_lines": []}, "JSONRPCMessageWrapper.__init__": {"executed_lines": [], "summary": {"covered_lines": 0, "num_statements": 1, "percent_covered": 0.0, "percent_covered_display": "0", "missing_lines": 1, "excluded_lines": 0}, "missing_lines": [199], "excluded_lines": []}, "JSONRPCMessageWrapper.jsonrpc": {"executed_lines": [], "summary": {"covered_lines": 0, "num_statements": 1, "percent_covered": 0.0, "percent_covered_display": "0", "missing_lines": 1, "excluded_lines": 0}, "missing_lines": [203], "excluded_lines": []}, "JSONRPCMessageWrapper.id": {"executed_lines": [], "summary": {"covered_lines": 0, "num_statements": 1, "percent_covered": 0.0, "percent_covered_display": "0", "missing_lines": 1, "excluded_lines": 0}, "missing_lines": [207], "excluded_lines": []}, "JSONRPCMessageWrapper.method": {"executed_lines": [], "summary": {"covered_lines": 0, "num_statements": 1, "percent_covered": 0.0, "percent_covered_display": "0", "missing_lines": 1, "excluded_lines": 0}, "missing_lines": [211], "excluded_lines": []}, "JSONRPCMessageWrapper.params": {"executed_lines": [], "summary": {"covered_lines": 0, "num_statements": 1, "percent_covered": 0.0, "percent_covered_display": "0", "missing_lines": 1, "excluded_lines": 0}, "missing_lines": [215], "excluded_lines": []}, "JSONRPCMessageWrapper.result": {"executed_lines": [], "summary": {"covered_lines": 0, "num_statements": 1, "percent_covered": 0.0, "percent_covered_display": "0", "missing_lines": 1, "excluded_lines": 0}, "missing_lines": [219], "excluded_lines": []}, "JSONRPCMessageWrapper.error": {"executed_lines": [], "summary": {"covered_lines": 0, "num_statements": 1, "percent_covered": 0.0, "percent_covered_display": "0", "missing_lines": 1, "excluded_lines": 0}, "missing_lines": [223], "excluded_lines": []}, "JSONRPCMessageWrapper.model_dump": {"executed_lines": [], "summary": {"covered_lines": 0, "num_statements": 5, "percent_covered": 0.0, "percent_covered_display": "0", "missing_lines": 5, "excluded_lines": 0}, "missing_lines": [227, 228, 229, 231, 233], "excluded_lines": []}, "JSONRPCMessageWrapper.model_dump_json": {"executed_lines": [], "summary": {"covered_lines": 0, "num_statements": 2, "percent_covered": 0.0, "percent_covered_display": "0", "missing_lines": 2, "excluded_lines": 0}, "missing_lines": [237, 239], "excluded_lines": []}, "JSONRPCMessageWrapper.is_request": {"executed_lines": [], "summary": {"covered_lines": 0, "num_statements": 1, "percent_covered": 0.0, "percent_covered_display": "0", "missing_lines": 1, "excluded_lines": 0}, "missing_lines": [242], "excluded_lines": []}, "JSONRPCMessageWrapper.is_notification": {"executed_lines": [], "summary": {"covered_lines": 0, "num_statements": 1, "percent_covered": 0.0, "percent_covered_display": "0", "missing_lines": 1, "excluded_lines": 0}, "missing_lines": [245], "excluded_lines": []}, "JSONRPCMessageWrapper.is_response": {"executed_lines": [], "summary": {"covered_lines": 0, "num_statements": 1, "percent_covered": 0.0, "percent_covered_display": "0", "missing_lines": 1, "excluded_lines": 0}, "missing_lines": [248], "excluded_lines": []}, "JSONRPCMessageWrapper.is_error_response": {"executed_lines": [], "summary": {"covered_lines": 0, "num_statements": 1, "percent_covered": 0.0, "percent_covered_display": "0", "missing_lines": 1, "excluded_lines": 0}, "missing_lines": [251], "excluded_lines": []}, "JSONRPCMessageWrapper.is_batch": {"executed_lines": [], "summary": {"covered_lines": 0, "num_statements": 1, "percent_covered": 0.0, "percent_covered_display": "0", "missing_lines": 1, "excluded_lines": 0}, "missing_lines": [254], "excluded_lines": []}, "JSONRPCMessage.model_post_init": {"executed_lines": [277, 279, 283, 287, 288, 290], "summary": {"covered_lines": 6, "num_statements": 10, "percent_covered": 60.0, "percent_covered_display": "60", "missing_lines": 4, "excluded_lines": 0}, "missing_lines": [280, 284, 289, 291], "excluded_lines": []}, "JSONRPCMessage.to_specific_type": {"executed_lines": [], "summary": {"covered_lines": 0, "num_statements": 9, "percent_covered": 0.0, "percent_covered_display": "0", "missing_lines": 9, "excluded_lines": 0}, "missing_lines": [297, 298, 304, 305, 310, 311, 312, 313, 315], "excluded_lines": []}, "JSONRPCMessage.from_specific_type": {"executed_lines": [], "summary": {"covered_lines": 0, "num_statements": 9, "percent_covered": 0.0, "percent_covered_display": "0", "missing_lines": 9, "excluded_lines": 0}, "missing_lines": [323, 324, 327, 328, 329, 330, 331, 332, 334], "excluded_lines": []}, "JSONRPCMessage.model_dump": {"executed_lines": [339, 342, 343, 345], "summary": {"covered_lines": 4, "num_statements": 4, "percent_covered": 100.0, "percent_covered_display": "100", "missing_lines": 0, "excluded_lines": 0}, "missing_lines": [], "excluded_lines": []}, "JSONRPCMessage.model_dump_json": {"executed_lines": [349, 350, 351], "summary": {"covered_lines": 3, "num_statements": 3, "percent_covered": 100.0, "percent_covered_display": "100", "missing_lines": 0, "excluded_lines": 0}, "missing_lines": [], "excluded_lines": []}, "JSONRPCMessage.model_validate": {"executed_lines": [356, 357, 360, 361, 363, 366], "summary": {"covered_lines": 6, "num_statements": 7, "percent_covered": 85.71428571428571, "percent_covered_display": "86", "missing_lines": 1, "excluded_lines": 0}, "missing_lines": [364], "excluded_lines": []}, "JSONRPCMessage.create_request": {"executed_lines": [376, 377, 379, 380], "summary": {"covered_lines": 4, "num_statements": 4, "percent_covered": 100.0, "percent_covered_display": "100", "missing_lines": 0, "excluded_lines": 0}, "missing_lines": [], "excluded_lines": []}, "JSONRPCMessage.create_notification": {"executed_lines": [], "summary": {"covered_lines": 0, "num_statements": 1, "percent_covered": 0.0, "percent_covered_display": "0", "missing_lines": 1, "excluded_lines": 0}, "missing_lines": [387], "excluded_lines": []}, "JSONRPCMessage.create_response": {"executed_lines": [394], "summary": {"covered_lines": 1, "num_statements": 1, "percent_covered": 100.0, "percent_covered_display": "100", "missing_lines": 0, "excluded_lines": 0}, "missing_lines": [], "excluded_lines": []}, "JSONRPCMessage.create_error_response": {"executed_lines": [401, 402, 404], "summary": {"covered_lines": 3, "num_statements": 4, "percent_covered": 75.0, "percent_covered_display": "75", "missing_lines": 1, "excluded_lines": 0}, "missing_lines": [403], "excluded_lines": []}, "JSONRPCMessage.is_request": {"executed_lines": [], "summary": {"covered_lines": 0, "num_statements": 1, "percent_covered": 0.0, "percent_covered_display": "0", "missing_lines": 1, "excluded_lines": 0}, "missing_lines": [408], "excluded_lines": []}, "JSONRPCMessage.is_notification": {"executed_lines": [], "summary": {"covered_lines": 0, "num_statements": 1, "percent_covered": 0.0, "percent_covered_display": "0", "missing_lines": 1, "excluded_lines": 0}, "missing_lines": [412], "excluded_lines": []}, "JSONRPCMessage.is_response": {"executed_lines": [], "summary": {"covered_lines": 0, "num_statements": 1, "percent_covered": 0.0, "percent_covered_display": "0", "missing_lines": 1, "excluded_lines": 0}, "missing_lines": [416], "excluded_lines": []}, "JSONRPCMessage.is_error_response": {"executed_lines": [], "summary": {"covered_lines": 0, "num_statements": 1, "percent_covered": 0.0, "percent_covered_display": "0", "missing_lines": 1, "excluded_lines": 0}, "missing_lines": [420], "excluded_lines": []}, "": {"executed_lines": [2, 3, 6, 7, 10, 11, 13, 14, 15, 16, 18, 21, 22, 24, 25, 26, 28, 31, 32, 34, 35, 36, 38, 41, 42, 44, 45, 46, 48, 50, 62, 63, 66, 79, 102, 109, 116, 126, 192, 193, 198, 201, 202, 205, 206, 209, 210, 213, 214, 217, 218, 221, 222, 225, 235, 241, 244, 247, 250, 253, 259, 260, 265, 266, 267, 268, 269, 270, 272, 274, 293, 317, 318, 336, 347, 353, 354, 368, 369, 382, 383, 389, 390, 396, 397, 406, 410, 414, 418], "summary": {"covered_lines": 83, "num_statements": 83, "percent_covered": 100.0, "percent_covered_display": "100", "missing_lines": 0, "excluded_lines": 0}, "missing_lines": [], "excluded_lines": []}}, "classes": {"JSONRPCRequest": {"executed_lines": [], "summary": {"covered_lines": 0, "num_statements": 0, "percent_covered": 100.0, "percent_covered_display": "100", "missing_lines": 0, "excluded_lines": 0}, "missing_lines": [], "excluded_lines": []}, "JSONRPCNotification": {"executed_lines": [], "summary": {"covered_lines": 0, "num_statements": 0, "percent_covered": 100.0, "percent_covered_display": "100", "missing_lines": 0, "excluded_lines": 0}, "missing_lines": [], "excluded_lines": []}, "JSONRPCResponse": {"executed_lines": [], "summary": {"covered_lines": 0, "num_statements": 0, "percent_covered": 100.0, "percent_covered_display": "100", "missing_lines": 0, "excluded_lines": 0}, "missing_lines": [], "excluded_lines": []}, "JSONRPCError": {"executed_lines": [52, 53, 55], "summary": {"covered_lines": 3, "num_statements": 5, "percent_covered": 60.0, "percent_covered_display": "60", "missing_lines": 2, "excluded_lines": 0}, "missing_lines": [54, 58], "excluded_lines": []}, "JSONRPCMessageWrapper": {"executed_lines": [], "summary": {"covered_lines": 0, "num_statements": 19, "percent_covered": 0.0, "percent_covered_display": "0", "missing_lines": 19, "excluded_lines": 0}, "missing_lines": [199, 203, 207, 211, 215, 219, 223, 227, 228, 229, 231, 233, 237, 239, 242, 245, 248, 251, 254], "excluded_lines": []}, "JSONRPCMessage": {"executed_lines": [277, 279, 283, 287, 288, 290, 339, 342, 343, 345, 349, 350, 351, 356, 357, 360, 361, 363, 366, 376, 377, 379, 380, 394, 401, 402, 404], "summary": {"covered_lines": 27, "num_statements": 56, "percent_covered": 48.214285714285715, "percent_covered_display": "48", "missing_lines": 29, "excluded_lines": 0}, "missing_lines": [280, 284, 289, 291, 297, 298, 304, 305, 310, 311, 312, 313, 315, 323, 324, 327, 328, 329, 330, 331, 332, 334, 364, 387, 403, 408, 412, 416, 420], "excluded_lines": []}, "": {"executed_lines": [2, 3, 6, 7, 10, 11, 13, 14, 15, 16, 18, 21, 22, 24, 25, 26, 28, 31, 32, 34, 35, 36, 38, 41, 42, 44, 45, 46, 48, 50, 62, 63, 66, 79, 86, 92, 99, 102, 106, 109, 111, 113, 116, 120, 121, 123, 126, 142, 156, 160, 161, 192, 193, 198, 201, 202, 205, 206, 209, 210, 213, 214, 217, 218, 221, 222, 225, 235, 241, 244, 247, 250, 253, 259, 260, 265, 266, 267, 268, 269, 270, 272, 274, 293, 317, 318, 336, 347, 353, 354, 368, 369, 382, 383, 389, 390, 396, 397, 406, 410, 414, 418], "summary": {"covered_lines": 96, "num_statements": 131, "percent_covered": 73.2824427480916, "percent_covered_display": "73", "missing_lines": 35, "excluded_lines": 0}, "missing_lines": [87, 89, 93, 94, 95, 96, 97, 112, 122, 143, 144, 145, 148, 149, 150, 151, 153, 157, 162, 163, 166, 167, 169, 170, 171, 172, 175, 177, 178, 180, 181, 183, 184, 186, 188], "excluded_lines": []}}}, "src/chuk_mcp/protocol/messages/message_method.py": {"executed_lines": [2, 5, 6, 12, 13, 16, 17, 18, 19, 20, 23, 24, 27, 28, 31, 34, 37, 40, 43, 46, 47, 48, 49, 52, 53, 56, 59, 62], "summary": {"covered_lines": 27, "num_statements": 27, "percent_covered": 100.0, "percent_covered_display": "100", "missing_lines": 0, "excluded_lines": 0}, "missing_lines": [], "excluded_lines": [], "functions": {"": {"executed_lines": [2, 5, 6, 12, 13, 16, 17, 18, 19, 20, 23, 24, 27, 28, 31, 34, 37, 40, 43, 46, 47, 48, 49, 52, 53, 56, 59, 62], "summary": {"covered_lines": 27, "num_statements": 27, "percent_covered": 100.0, "percent_covered_display": "100", "missing_lines": 0, "excluded_lines": 0}, "missing_lines": [], "excluded_lines": []}}, "classes": {"MessageMethod": {"executed_lines": [], "summary": {"covered_lines": 0, "num_statements": 0, "percent_covered": 100.0, "percent_covered_display": "100", "missing_lines": 0, "excluded_lines": 0}, "missing_lines": [], "excluded_lines": []}, "": {"executed_lines": [2, 5, 6, 12, 13, 16, 17, 18, 19, 20, 23, 24, 27, 28, 31, 34, 37, 40, 43, 46, 47, 48, 49, 52, 53, 56, 59, 62], "summary": {"covered_lines": 27, "num_statements": 27, "percent_covered": 100.0, "percent_covered_display": "100", "missing_lines": 0, "excluded_lines": 0}, "missing_lines": [], "excluded_lines": []}}}, "src/chuk_mcp/protocol/messages/notifications.py": {"executed_lines": [2, 7, 8, 9, 11, 14, 17, 34, 39, 40, 42, 43, 45, 49, 50, 51, 54, 55, 58, 71, 72, 74, 75, 86, 99, 101, 102, 104, 108, 109, 110, 111, 112, 115, 126, 127, 129, 130, 136, 147, 148, 150, 151, 159, 168, 172, 173, 174, 175, 176, 182, 183, 188, 189, 191, 193, 194, 196, 198, 199, 200, 201, 203, 204, 205, 206, 207, 208, 210, 212, 215, 216, 217, 218, 221, 232], "summary": {"covered_lines": 74, "num_statements": 74, "percent_covered": 100.0, "percent_covered_display": "100", "missing_lines": 0, "excluded_lines": 0}, "missing_lines": [], "excluded_lines": [], "functions": {"send_progress_notification": {"executed_lines": [34, 39, 40, 42, 43, 45, 49, 50, 51, 54, 55], "summary": {"covered_lines": 11, "num_statements": 11, "percent_covered": 100.0, "percent_covered_display": "100", "missing_lines": 0, "excluded_lines": 0}, "missing_lines": [], "excluded_lines": []}, "handle_progress_notification": {"executed_lines": [71, 72, 74, 75], "summary": {"covered_lines": 4, "num_statements": 4, "percent_covered": 100.0, "percent_covered_display": "100", "missing_lines": 0, "excluded_lines": 0}, "missing_lines": [], "excluded_lines": []}, "send_cancelled_notification": {"executed_lines": [99, 101, 102, 104, 108, 109, 110, 111, 112], "summary": {"covered_lines": 9, "num_statements": 9, "percent_covered": 100.0, "percent_covered_display": "100", "missing_lines": 0, "excluded_lines": 0}, "missing_lines": [], "excluded_lines": []}, "handle_cancelled_notification": {"executed_lines": [126, 127, 129, 130], "summary": {"covered_lines": 4, "num_statements": 4, "percent_covered": 100.0, "percent_covered_display": "100", "missing_lines": 0, "excluded_lines": 0}, "missing_lines": [], "excluded_lines": []}, "handle_logging_message_notification": {"executed_lines": [147, 148, 150, 151], "summary": {"covered_lines": 4, "num_statements": 4, "percent_covered": 100.0, "percent_covered_display": "100", "missing_lines": 0, "excluded_lines": 0}, "missing_lines": [], "excluded_lines": []}, "send_roots_list_changed_notification": {"executed_lines": [168, 172, 173, 174, 175, 176], "summary": {"covered_lines": 6, "num_statements": 6, "percent_covered": 100.0, "percent_covered_display": "100", "missing_lines": 0, "excluded_lines": 0}, "missing_lines": [], "excluded_lines": []}, "NotificationHandler.__init__": {"executed_lines": [189], "summary": {"covered_lines": 1, "num_statements": 1, "percent_covered": 100.0, "percent_covered_display": "100", "missing_lines": 0, "excluded_lines": 0}, "missing_lines": [], "excluded_lines": []}, "NotificationHandler.register": {"executed_lines": [193, 194], "summary": {"covered_lines": 2, "num_statements": 2, "percent_covered": 100.0, "percent_covered_display": "100", "missing_lines": 0, "excluded_lines": 0}, "missing_lines": [], "excluded_lines": []}, "NotificationHandler.handle": {"executed_lines": [198, 199, 200, 201, 203, 204, 205, 206, 207, 208, 210], "summary": {"covered_lines": 11, "num_statements": 11, "percent_covered": 100.0, "percent_covered_display": "100", "missing_lines": 0, "excluded_lines": 0}, "missing_lines": [], "excluded_lines": []}, "NotificationHandler.register_defaults": {"executed_lines": [215, 221, 232], "summary": {"covered_lines": 3, "num_statements": 3, "percent_covered": 100.0, "percent_covered_display": "100", "missing_lines": 0, "excluded_lines": 0}, "missing_lines": [], "excluded_lines": []}, "NotificationHandler.register_defaults.log_notification": {"executed_lines": [216, 217, 218], "summary": {"covered_lines": 3, "num_statements": 3, "percent_covered": 100.0, "percent_covered_display": "100", "missing_lines": 0, "excluded_lines": 0}, "missing_lines": [], "excluded_lines": []}, "": {"executed_lines": [2, 7, 8, 9, 11, 14, 17, 58, 86, 115, 136, 159, 182, 183, 188, 191, 196, 212], "summary": {"covered_lines": 16, "num_statements": 16, "percent_covered": 100.0, "percent_covered_display": "100", "missing_lines": 0, "excluded_lines": 0}, "missing_lines": [], "excluded_lines": []}}, "classes": {"NotificationHandler": {"executed_lines": [189, 193, 194, 198, 199, 200, 201, 203, 204, 205, 206, 207, 208, 210, 215, 216, 217, 218, 221, 232], "summary": {"covered_lines": 20, "num_statements": 20, "percent_covered": 100.0, "percent_covered_display": "100", "missing_lines": 0, "excluded_lines": 0}, "missing_lines": [], "excluded_lines": []}, "": {"executed_lines": [2, 7, 8, 9, 11, 14, 17, 34, 39, 40, 42, 43, 45, 49, 50, 51, 54, 55, 58, 71, 72, 74, 75, 86, 99, 101, 102, 104, 108, 109, 110, 111, 112, 115, 126, 127, 129, 130, 136, 147, 148, 150, 151, 159, 168, 172, 173, 174, 175, 176, 182, 183, 188, 191, 196, 212], "summary": {"covered_lines": 54, "num_statements": 54, "percent_covered": 100.0, "percent_covered_display": "100", "missing_lines": 0, "excluded_lines": 0}, "missing_lines": [], "excluded_lines": []}}}, "src/chuk_mcp/protocol/messages/ping/__init__.py": {"executed_lines": [2, 22, 26], "summary": {"covered_lines": 2, "num_statements": 2, "percent_covered": 100.0, "percent_covered_display": "100", "missing_lines": 0, "excluded_lines": 0}, "missing_lines": [], "excluded_lines": [], "functions": {"": {"executed_lines": [2, 22, 26], "summary": {"covered_lines": 2, "num_statements": 2, "percent_covered": 100.0, "percent_covered_display": "100", "missing_lines": 0, "excluded_lines": 0}, "missing_lines": [], "excluded_lines": []}}, "classes": {"": {"executed_lines": [2, 22, 26], "summary": {"covered_lines": 2, "num_statements": 2, "percent_covered": 100.0, "percent_covered_display": "100", "missing_lines": 0, "excluded_lines": 0}, "missing_lines": [], "excluded_lines": []}}}, "src/chuk_mcp/protocol/messages/ping/send_messages.py": {"executed_lines": [2, 3, 6, 7, 10, 29, 31, 41, 42, 44, 47], "summary": {"covered_lines": 11, "num_statements": 11, "percent_covered": 100.0, "percent_covered_display": "100", "missing_lines": 0, "excluded_lines": 0}, "missing_lines": [], "excluded_lines": [], "functions": {"send_ping": {"executed_lines": [29, 31, 41, 42, 44, 47], "summary": {"covered_lines": 6, "num_statements": 6, "percent_covered": 100.0, "percent_covered_display": "100", "missing_lines": 0, "excluded_lines": 0}, "missing_lines": [], "excluded_lines": []}, "": {"executed_lines": [2, 3, 6, 7, 10], "summary": {"covered_lines": 5, "num_statements": 5, "percent_covered": 100.0, "percent_covered_display": "100", "missing_lines": 0, "excluded_lines": 0}, "missing_lines": [], "excluded_lines": []}}, "classes": {"": {"executed_lines": [2, 3, 6, 7, 10, 29, 31, 41, 42, 44, 47], "summary": {"covered_lines": 11, "num_statements": 11, "percent_covered": 100.0, "percent_covered_display": "100", "missing_lines": 0, "excluded_lines": 0}, "missing_lines": [], "excluded_lines": []}}}, "src/chuk_mcp/protocol/messages/prompts/__init__.py": {"executed_lines": [2, 24, 29, 33], "summary": {"covered_lines": 3, "num_statements": 3, "percent_covered": 100.0, "percent_covered_display": "100", "missing_lines": 0, "excluded_lines": 0}, "missing_lines": [], "excluded_lines": [], "functions": {"": {"executed_lines": [2, 24, 29, 33], "summary": {"covered_lines": 3, "num_statements": 3, "percent_covered": 100.0, "percent_covered_display": "100", "missing_lines": 0, "excluded_lines": 0}, "missing_lines": [], "excluded_lines": []}}, "classes": {"": {"executed_lines": [2, 24, 29, 33], "summary": {"covered_lines": 3, "num_statements": 3, "percent_covered": 100.0, "percent_covered_display": "100", "missing_lines": 0, "excluded_lines": 0}, "missing_lines": [], "excluded_lines": []}}}, "src/chuk_mcp/protocol/messages/prompts/notifications.py": {"executed_lines": [2, 6, 9, 12, 26, 27, 30], "summary": {"covered_lines": 6, "num_statements": 6, "percent_covered": 100.0, "percent_covered_display": "100", "missing_lines": 0, "excluded_lines": 0}, "missing_lines": [], "excluded_lines": [], "functions": {"handle_prompts_list_changed_notification": {"executed_lines": [26, 27, 30], "summary": {"covered_lines": 3, "num_statements": 3, "percent_covered": 100.0, "percent_covered_display": "100", "missing_lines": 0, "excluded_lines": 0}, "missing_lines": [], "excluded_lines": []}, "": {"executed_lines": [2, 6, 9, 12], "summary": {"covered_lines": 3, "num_statements": 3, "percent_covered": 100.0, "percent_covered_display": "100", "missing_lines": 0, "excluded_lines": 0}, "missing_lines": [], "excluded_lines": []}}, "classes": {"": {"executed_lines": [2, 6, 9, 12, 26, 27, 30], "summary": {"covered_lines": 6, "num_statements": 6, "percent_covered": 100.0, "percent_covered_display": "100", "missing_lines": 0, "excluded_lines": 0}, "missing_lines": [], "excluded_lines": []}}}, "src/chuk_mcp/protocol/messages/prompts/send_messages.py": {"executed_lines": [2, 3, 6, 7, 10, 33, 36, 46, 49, 75, 76, 78, 79, 84, 85, 86, 89, 99], "summary": {"covered_lines": 18, "num_statements": 18, "percent_covered": 100.0, "percent_covered_display": "100", "missing_lines": 0, "excluded_lines": 0}, "missing_lines": [], "excluded_lines": [], "functions": {"send_prompts_list": {"executed_lines": [33, 36, 46], "summary": {"covered_lines": 3, "num_statements": 3, "percent_covered": 100.0, "percent_covered_display": "100", "missing_lines": 0, "excluded_lines": 0}, "missing_lines": [], "excluded_lines": []}, "send_prompts_get": {"executed_lines": [75, 76, 78, 79, 84, 85, 86, 89, 99], "summary": {"covered_lines": 9, "num_statements": 9, "percent_covered": 100.0, "percent_covered_display": "100", "missing_lines": 0, "excluded_lines": 0}, "missing_lines": [], "excluded_lines": []}, "": {"executed_lines": [2, 3, 6, 7, 10, 49], "summary": {"covered_lines": 6, "num_statements": 6, "percent_covered": 100.0, "percent_covered_display": "100", "missing_lines": 0, "excluded_lines": 0}, "missing_lines": [], "excluded_lines": []}}, "classes": {"": {"executed_lines": [2, 3, 6, 7, 10, 33, 36, 46, 49, 75, 76, 78, 79, 84, 85, 86, 89, 99], "summary": {"covered_lines": 18, "num_statements": 18, "percent_covered": 100.0, "percent_covered_display": "100", "missing_lines": 0, "excluded_lines": 0}, "missing_lines": [], "excluded_lines": []}}}, "src/chuk_mcp/protocol/messages/resources/__init__.py": {"executed_lines": [2, 24, 32, 37, 38, 39, 41], "summary": {"covered_lines": 6, "num_statements": 6, "percent_covered": 100.0, "percent_covered_display": "100", "missing_lines": 0, "excluded_lines": 0}, "missing_lines": [], "excluded_lines": [], "functions": {"": {"executed_lines": [2, 24, 32, 37, 38, 39, 41], "summary": {"covered_lines": 6, "num_statements": 6, "percent_covered": 100.0, "percent_covered_display": "100", "missing_lines": 0, "excluded_lines": 0}, "missing_lines": [], "excluded_lines": []}}, "classes": {"": {"executed_lines": [2, 24, 32, 37, 38, 39, 41], "summary": {"covered_lines": 6, "num_statements": 6, "percent_covered": 100.0, "percent_covered_display": "100", "missing_lines": 0, "excluded_lines": 0}, "missing_lines": [], "excluded_lines": []}}}, "src/chuk_mcp/protocol/messages/resources/notifications.py": {"executed_lines": [2, 6, 9, 23, 24, 27, 30, 44, 45, 48, 49, 51, 53], "summary": {"covered_lines": 12, "num_statements": 12, "percent_covered": 100.0, "percent_covered_display": "100", "missing_lines": 0, "excluded_lines": 0}, "missing_lines": [], "excluded_lines": [], "functions": {"handle_resources_list_changed_notification": {"executed_lines": [23, 24, 27], "summary": {"covered_lines": 3, "num_statements": 3, "percent_covered": 100.0, "percent_covered_display": "100", "missing_lines": 0, "excluded_lines": 0}, "missing_lines": [], "excluded_lines": []}, "handle_resources_updated_notification": {"executed_lines": [44, 45, 48, 49, 51, 53], "summary": {"covered_lines": 6, "num_statements": 6, "percent_covered": 100.0, "percent_covered_display": "100", "missing_lines": 0, "excluded_lines": 0}, "missing_lines": [], "excluded_lines": []}, "": {"executed_lines": [2, 6, 9, 30], "summary": {"covered_lines": 3, "num_statements": 3, "percent_covered": 100.0, "percent_covered_display": "100", "missing_lines": 0, "excluded_lines": 0}, "missing_lines": [], "excluded_lines": []}}, "classes": {"": {"executed_lines": [2, 6, 9, 23, 24, 27, 30, 44, 45, 48, 49, 51, 53], "summary": {"covered_lines": 12, "num_statements": 12, "percent_covered": 100.0, "percent_covered_display": "100", "missing_lines": 0, "excluded_lines": 0}, "missing_lines": [], "excluded_lines": []}}}, "src/chuk_mcp/protocol/messages/resources/resource.py": {"executed_lines": [2, 3, 6, 7, 9, 10, 12, 13, 15, 16, 18, 19, 22, 23, 25], "summary": {"covered_lines": 14, "num_statements": 14, "percent_covered": 100.0, "percent_covered_display": "100", "missing_lines": 0, "excluded_lines": 0}, "missing_lines": [], "excluded_lines": [], "functions": {"": {"executed_lines": [2, 3, 6, 7, 9, 10, 12, 13, 15, 16, 18, 19, 22, 23, 25], "summary": {"covered_lines": 14, "num_statements": 14, "percent_covered": 100.0, "percent_covered_display": "100", "missing_lines": 0, "excluded_lines": 0}, "missing_lines": [], "excluded_lines": []}}, "classes": {"Resource"
[...]
7, 208, 210, 211, 213, 216, 217, 219, 220, 221, 225, 230, 232, 233, 234, 235, 236, 238, 240, 241, 242], "excluded_lines": []}, "SSETransport._process_sse_stream": {"executed_lines": [], "summary": {"covered_lines": 0, "num_statements": 29, "percent_covered": 0.0, "percent_covered_display": "0", "missing_lines": 29, "excluded_lines": 0}, "missing_lines": [246, 247, 249, 250, 251, 252, 254, 257, 258, 259, 261, 263, 264, 267, 268, 269, 271, 272, 275, 276, 277, 278, 279, 280, 284, 287, 289, 290, 292], "excluded_lines": []}, "SSETransport._handle_endpoint_event": {"executed_lines": [296, 298, 299, 302, 303, 317, 318, 321, 323, 326], "summary": {"covered_lines": 10, "num_statements": 19, "percent_covered": 52.63157894736842, "percent_covered_display": "53", "missing_lines": 9, "excluded_lines": 0}, "missing_lines": [306, 308, 309, 311, 314, 328, 329, 331, 332], "excluded_lines": []}, "SSETransport._handle_message_event": {"executed_lines": [336, 337, 338, 343, 344, 345, 346, 347, 348, 349, 350, 351, 354, 357], "summary": {"covered_lines": 14, "num_statements": 19, "percent_covered": 73.6842105263158, "percent_covered_display": "74", "missing_lines": 5, "excluded_lines": 0}, "missing_lines": [359, 360, 361, 362, 363], "excluded_lines": []}, "SSETransport._route_incoming_message": {"executed_lines": [367, 368, 370, 372, 373, 374], "summary": {"covered_lines": 6, "num_statements": 9, "percent_covered": 66.66666666666667, "percent_covered_display": "67", "missing_lines": 3, "excluded_lines": 0}, "missing_lines": [376, 377, 378], "excluded_lines": []}, "SSETransport._outgoing_message_handler": {"executed_lines": [382, 385, 386, 387, 388, 389], "summary": {"covered_lines": 6, "num_statements": 9, "percent_covered": 66.66666666666667, "percent_covered_display": "67", "missing_lines": 3, "excluded_lines": 0}, "missing_lines": [383, 390, 391], "excluded_lines": []}, "SSETransport._send_message_via_http": {"executed_lines": [395, 399, 401, 402, 409, 411, 416, 418, 420, 421, 422, 423, 424, 426, 428, 432, 434, 436, 437, 440, 441, 442, 443, 444, 447, 449, 451, 454, 456, 462, 463, 467, 472, 507, 508], "summary": {"covered_lines": 35, "num_statements": 62, "percent_covered": 56.45161290322581, "percent_covered_display": "56", "missing_lines": 27, "excluded_lines": 0}, "missing_lines": [396, 397, 403, 404, 406, 407, 459, 461, 473, 474, 477, 481, 482, 483, 484, 486, 494, 496, 497, 499, 504, 512, 515, 517, 518, 519, 521], "excluded_lines": []}, "SSETransport.is_connected": {"executed_lines": [525], "summary": {"covered_lines": 1, "num_statements": 1, "percent_covered": 100.0, "percent_covered_display": "100", "missing_lines": 0, "excluded_lines": 0}, "missing_lines": [], "excluded_lines": []}, "SSETransport.__repr__": {"executed_lines": [529, 530], "summary": {"covered_lines": 2, "num_statements": 2, "percent_covered": 100.0, "percent_covered_display": "100", "missing_lines": 0, "excluded_lines": 0}, "missing_lines": [], "excluded_lines": []}, "": {"executed_lines": [2, 10, 12, 13, 14, 15, 17, 18, 20, 21, 23, 26, 27, 37, 69, 86, 94, 140, 145, 196, 201, 244, 294, 334, 365, 380, 393, 523, 527], "summary": {"covered_lines": 27, "num_statements": 27, "percent_covered": 100.0, "percent_covered_display": "100", "missing_lines": 0, "excluded_lines": 0}, "missing_lines": [], "excluded_lines": []}}, "classes": {"SSETransport": {"executed_lines": [38, 39, 40, 41, 42, 45, 46, 49, 50, 51, 52, 53, 56, 57, 60, 61, 64, 65, 66, 67, 71, 72, 75, 84, 148, 149, 152, 155, 162, 174, 182, 184, 188, 192, 296, 298, 299, 302, 303, 317, 318, 321, 323, 326, 336, 337, 338, 343, 344, 345, 346, 347, 348, 349, 350, 351, 354, 357, 367, 368, 370, 372, 373, 374, 382, 385, 386, 387, 388, 389, 395, 399, 401, 402, 409, 411, 416, 418, 420, 421, 422, 423, 424, 426, 428, 432, 434, 436, 437, 440, 441, 442, 443, 444, 447, 449, 451, 454, 456, 462, 463, 467, 472, 507, 508, 525, 529, 530], "summary": {"covered_lines": 108, "num_statements": 264, "percent_covered": 40.90909090909091, "percent_covered_display": "41", "missing_lines": 156, "excluded_lines": 0}, "missing_lines": [77, 78, 79, 81, 82, 90, 91, 92, 96, 97, 100, 102, 107, 113, 115, 116, 119, 122, 125, 126, 127, 128, 130, 131, 132, 133, 135, 136, 137, 138, 142, 143, 150, 151, 156, 157, 158, 159, 160, 167, 168, 169, 170, 171, 175, 176, 177, 178, 179, 183, 185, 189, 190, 193, 194, 199, 203, 204, 205, 207, 208, 210, 211, 213, 216, 217, 219, 220, 221, 225, 230, 232, 233, 234, 235, 236, 238, 240, 241, 242, 246, 247, 249, 250, 251, 252, 254, 257, 258, 259, 261, 263, 264, 267, 268, 269, 271, 272, 275, 276, 277, 278, 279, 280, 284, 287, 289, 290, 292, 306, 308, 309, 311, 314, 328, 329, 331, 332, 359, 360, 361, 362, 363, 376, 377, 378, 383, 390, 391, 396, 397, 403, 404, 406, 407, 459, 461, 473, 474, 477, 481, 482, 483, 484, 486, 494, 496, 497, 499, 504, 512, 515, 517, 518, 519, 521], "excluded_lines": []}, "": {"executed_lines": [2, 10, 12, 13, 14, 15, 17, 18, 20, 21, 23, 26, 27, 37, 69, 86, 94, 140, 145, 196, 201, 244, 294, 334, 365, 380, 393, 523, 527], "summary": {"covered_lines": 27, "num_statements": 27, "percent_covered": 100.0, "percent_covered_display": "100", "missing_lines": 0, "excluded_lines": 0}, "missing_lines": [], "excluded_lines": []}}}, "src/chuk_mcp/transports/stdio/__init__.py": {"executed_lines": [2, 3, 4, 6], "summary": {"covered_lines": 4, "num_statements": 4, "percent_covered": 100.0, "percent_covered_display": "100", "missing_lines": 0, "excluded_lines": 0}, "missing_lines": [], "excluded_lines": [], "functions": {"": {"executed_lines": [2, 3, 4, 6], "summary": {"covered_lines": 4, "num_statements": 4, "percent_covered": 100.0, "percent_covered_display": "100", "missing_lines": 0, "excluded_lines": 0}, "missing_lines": [], "excluded_lines": []}}, "classes": {"": {"executed_lines": [2, 3, 4, 6], "summary": {"covered_lines": 4, "num_statements": 4, "percent_covered": 100.0, "percent_covered_display": "100", "missing_lines": 0, "excluded_lines": 0}, "missing_lines": [], "excluded_lines": []}}}, "src/chuk_mcp/transports/stdio/parameters.py": {"executed_lines": [2, 3, 4, 7, 8, 10, 11, 12], "summary": {"covered_lines": 7, "num_statements": 7, "percent_covered": 100.0, "percent_covered_display": "100", "missing_lines": 0, "excluded_lines": 0}, "missing_lines": [], "excluded_lines": [], "functions": {"": {"executed_lines": [2, 3, 4, 7, 8, 10, 11, 12], "summary": {"covered_lines": 7, "num_statements": 7, "percent_covered": 100.0, "percent_covered_display": "100", "missing_lines": 0, "excluded_lines": 0}, "missing_lines": [], "excluded_lines": []}}, "classes": {"StdioParameters": {"executed_lines": [], "summary": {"covered_lines": 0, "num_statements": 0, "percent_covered": 100.0, "percent_covered_display": "100", "missing_lines": 0, "excluded_lines": 0}, "missing_lines": [], "excluded_lines": []}, "": {"executed_lines": [2, 3, 4, 7, 8, 10, 11, 12], "summary": {"covered_lines": 7, "num_statements": 7, "percent_covered": 100.0, "percent_covered_display": "100", "missing_lines": 0, "excluded_lines": 0}, "missing_lines": [], "excluded_lines": []}}}, "src/chuk_mcp/transports/stdio/stdio_client.py": {"executed_lines": [2, 3, 4, 5, 6, 7, 9, 10, 13, 14, 19, 20, 21, 22, 24, 26, 29, 30, 37, 38, 39, 40, 43, 46, 47, 48, 51, 54, 55, 56, 60, 61, 62, 66, 67, 70, 71, 73, 75, 76, 84, 88, 89, 90, 94, 97, 98, 99, 102, 105, 106, 107, 108, 109, 114, 116, 118, 119, 121, 122, 124, 126, 127, 132, 133, 135, 136, 137, 139, 140, 141, 143, 145, 149, 150, 154, 158, 169, 198, 200, 202, 203, 204, 205, 206, 207, 210, 222, 224, 225, 226, 228, 229, 231, 234, 236, 248, 251, 252, 262, 263, 264, 265, 266, 267, 269, 270, 271, 272, 279, 287, 288, 289, 291, 295, 297, 304, 306, 311, 313, 315, 317, 319, 321, 332, 333, 334, 340, 344, 345, 346, 347, 349, 350, 351, 352, 354, 356, 358, 360, 362, 367, 368, 407, 408, 413, 415, 417, 419, 420, 421, 422, 423, 425, 426, 445, 446, 459, 461, 462, 464, 465, 480, 482, 483, 484, 488, 492, 493, 496, 497, 593], "summary": {"covered_lines": 171, "num_statements": 301, "percent_covered": 56.81063122923588, "percent_covered_display": "57", "missing_lines": 130, "excluded_lines": 0}, "missing_lines": [15, 16, 41, 91, 100, 101, 110, 111, 129, 138, 144, 146, 147, 151, 152, 159, 164, 165, 166, 170, 171, 174, 175, 177, 181, 182, 183, 184, 185, 188, 189, 190, 193, 208, 212, 213, 214, 215, 216, 219, 220, 233, 237, 239, 240, 242, 245, 255, 256, 260, 273, 274, 298, 299, 369, 372, 373, 374, 375, 378, 381, 383, 388, 390, 392, 393, 394, 396, 399, 401, 405, 410, 411, 418, 427, 429, 430, 431, 433, 434, 435, 437, 438, 439, 467, 468, 469, 470, 471, 474, 475, 476, 478, 479, 485, 489, 490, 529, 533, 535, 536, 537, 540, 549, 550, 553, 555, 557, 558, 559, 560, 561, 564, 565, 568, 570, 571, 572, 574, 575, 576, 577, 580, 581, 584, 586, 587, 599, 601, 606], "excluded_lines": [], "functions": {"StdioClient.__init__": {"executed_lines": [38, 39, 40, 43, 46, 47, 48, 51, 54, 55, 56, 60, 61, 62, 66, 67, 70, 71], "summary": {"covered_lines": 18, "num_statements": 19, "percent_covered": 94.73684210526316, "percent_covered_display": "95", "missing_lines": 1, "excluded_lines": 0}, "missing_lines": [41], "excluded_lines": []}, "StdioClient.set_protocol_version": {"executed_lines": [75, 76], "summary": {"covered_lines": 2, "num_statements": 2, "percent_covered": 100.0, "percent_covered_display": "100", "missing_lines": 0, "excluded_lines": 0}, "missing_lines": [], "excluded_lines": []}, "StdioClient._route_message": {"executed_lines": [88, 89, 90, 94, 97, 98, 99, 102, 105, 106, 107, 108, 109, 114], "summary": {"covered_lines": 14, "num_statements": 19, "percent_covered": 73.6842105263158, "percent_covered_display": "74", "missing_lines": 5, "excluded_lines": 0}, "missing_lines": [91, 100, 101, 110, 111], "excluded_lines": []}, "StdioClient._stdout_reader": {"executed_lines": [118, 119, 121, 122, 124, 126, 127, 132, 133, 135, 136, 137, 139, 140, 141, 143, 145, 149, 150], "summary": {"covered_lines": 19, "num_statements": 26, "percent_covered": 73.07692307692308, "percent_covered_display": "73", "missing_lines": 7, "excluded_lines": 0}, "missing_lines": [129, 138, 144, 146, 147, 151, 152], "excluded_lines": []}, "StdioClient._process_message_data": {"executed_lines": [158, 169, 198, 200, 202, 203, 204, 205, 206, 207], "summary": {"covered_lines": 10, "num_statements": 29, "percent_covered": 34.48275862068966, "percent_covered_display": "34", "missing_lines": 19, "excluded_lines": 0}, "missing_lines": [159, 164, 165, 166, 170, 171, 174, 175, 177, 181, 182, 183, 184, 185, 188, 189, 190, 193, 208], "excluded_lines": []}, "StdioClient._send_error_response": {"executed_lines": [], "summary": {"covered_lines": 0, "num_statements": 7, "percent_covered": 0.0, "percent_covered_display": "0", "missing_lines": 7, "excluded_lines": 0}, "missing_lines": [212, 213, 214, 215, 216, 219, 220], "excluded_lines": []}, "StdioClient._stdin_writer": {"executed_lines": [224, 225, 226, 228, 229, 231, 234, 236, 248, 251, 252, 262, 263, 264, 265, 266, 267, 269, 270, 271, 272], "summary": {"covered_lines": 21, "num_statements": 32, "percent_covered": 65.625, "percent_covered_display": "66", "missing_lines": 11, "excluded_lines": 0}, "missing_lines": [233, 237, 239, 240, 242, 245, 255, 256, 260, 273, 274], "excluded_lines": []}, "StdioClient.new_request_stream": {"executed_lines": [287, 288, 289], "summary": {"covered_lines": 3, "num_statements": 3, "percent_covered": 100.0, "percent_covered_display": "100", "missing_lines": 0, "excluded_lines": 0}, "missing_lines": [], "excluded_lines": []}, "StdioClient.send_json": {"executed_lines": [295, 297], "summary": {"covered_lines": 2, "num_statements": 4, "percent_covered": 50.0, "percent_covered_display": "50", "missing_lines": 2, "excluded_lines": 0}, "missing_lines": [298, 299], "excluded_lines": []}, "StdioClient.get_streams": {"executed_lines": [306], "summary": {"covered_lines": 1, "num_statements": 1, "percent_covered": 100.0, "percent_covered_display": "100", "missing_lines": 0, "excluded_lines": 0}, "missing_lines": [], "excluded_lines": []}, "StdioClient.get_protocol_version": {"executed_lines": [313], "summary": {"covered_lines": 1, "num_statements": 1, "percent_covered": 100.0, "percent_covered_display": "100", "missing_lines": 0, "excluded_lines": 0}, "missing_lines": [], "excluded_lines": []}, "StdioClient.is_batching_enabled": {"executed_lines": [317], "summary": {"covered_lines": 1, "num_statements": 1, "percent_covered": 100.0, "percent_covered_display": "100", "missing_lines": 0, "excluded_lines": 0}, "missing_lines": [], "excluded_lines": []}, "StdioClient.get_batching_info": {"executed_lines": [321], "summary": {"covered_lines": 1, "num_statements": 1, "percent_covered": 100.0, "percent_covered_display": "100", "missing_lines": 0, "excluded_lines": 0}, "missing_lines": [], "excluded_lines": []}, "StdioClient.__aenter__": {"executed_lines": [333, 334, 340, 344, 345, 346, 347, 349, 350, 351, 352], "summary": {"covered_lines": 11, "num_statements": 11, "percent_covered": 100.0, "percent_covered_display": "100", "missing_lines": 0, "excluded_lines": 0}, "missing_lines": [], "excluded_lines": []}, "StdioClient.__aexit__": {"executed_lines": [356, 358, 360, 362, 367, 368, 407, 408, 413], "summary": {"covered_lines": 9, "num_statements": 28, "percent_covered": 32.142857142857146, "percent_covered_display": "32", "missing_lines": 19, "excluded_lines": 0}, "missing_lines": [369, 372, 373, 374, 375, 378, 381, 383, 388, 390, 392, 393, 394, 396, 399, 401, 405, 410, 411], "excluded_lines": []}, "StdioClient._terminate_process": {"executed_lines": [417, 419, 420, 421, 422, 423, 425, 426], "summary": {"covered_lines": 8, "num_statements": 19, "percent_covered": 42.10526315789474, "percent_covered_display": "42", "missing_lines": 11, "excluded_lines": 0}, "missing_lines": [418, 427, 429, 430, 431, 433, 434, 435, 437, 438, 439], "excluded_lines": []}, "stdio_client": {"executed_lines": [459, 461, 462, 464, 465, 480, 482, 483, 484, 488, 492, 493], "summary": {"covered_lines": 12, "num_statements": 25, "percent_covered": 48.0, "percent_covered_display": "48", "missing_lines": 13, "excluded_lines": 0}, "missing_lines": [467, 468, 469, 470, 471, 474, 475, 476, 478, 479, 485, 489, 490], "excluded_lines": []}, "stdio_client_with_initialize": {"executed_lines": [], "summary": {"covered_lines": 0, "num_statements": 30, "percent_covered": 0.0, "percent_covered_display": "0", "missing_lines": 30, "excluded_lines": 0}, "missing_lines": [529, 533, 535, 536, 537, 540, 549, 550, 553, 555, 557, 558, 559, 560, 561, 564, 565, 568, 570, 571, 572, 574, 575, 576, 577, 580, 581, 584, 586, 587], "excluded_lines": []}, "_supports_batch_processing": {"executed_lines": [], "summary": {"covered_lines": 0, "num_statements": 3, "percent_covered": 0.0, "percent_covered_display": "0", "missing_lines": 3, "excluded_lines": 0}, "missing_lines": [599, 601, 606], "excluded_lines": []}, "": {"executed_lines": [2, 3, 4, 5, 6, 7, 9, 10, 13, 14, 19, 20, 21, 22, 24, 26, 29, 30, 37, 73, 84, 116, 154, 210, 222, 279, 291, 304, 311, 315, 319, 332, 354, 415, 445, 446, 496, 497, 593], "summary": {"covered_lines": 38, "num_statements": 40, "percent_covered": 95.0, "percent_covered_display": "95", "missing_lines": 2, "excluded_lines": 0}, "missing_lines": [15, 16], "excluded_lines": []}}, "classes": {"StdioClient": {"executed_lines": [38, 39, 40, 43, 46, 47, 48, 51, 54, 55, 56, 60, 61, 62, 66, 67, 70, 71, 75, 76, 88, 89, 90, 94, 97, 98, 99, 102, 105, 106, 107, 108, 109, 114, 118, 119, 121, 122, 124, 126, 127, 132, 133, 135, 136, 137, 139, 140, 141, 143, 145, 149, 150, 158, 169, 198, 200, 202, 203, 204, 205, 206, 207, 224, 225, 226, 228, 229, 231, 234, 236, 248, 251, 252, 262, 263, 264, 265, 266, 267, 269, 270, 271, 272, 287, 288, 289, 295, 297, 306, 313, 317, 321, 333, 334, 340, 344, 345, 346, 347, 349, 350, 351, 352, 356, 358, 360, 362, 367, 368, 407, 408, 413, 417, 419, 420, 421, 422, 423, 425, 426], "summary": {"covered_lines": 121, "num_statements": 203, "percent_covered": 59.60591133004926, "percent_covered_display": "60", "missing_lines": 82, "excluded_lines": 0}, "missing_lines": [41, 91, 100, 101, 110, 111, 129, 138, 144, 146, 147, 151, 152, 159, 164, 165, 166, 170, 171, 174, 175, 177, 181, 182, 183, 184, 185, 188, 189, 190, 193, 208, 212, 213, 214, 215, 216, 219, 220, 233, 237, 239, 240, 242, 245, 255, 256, 260, 273, 274, 298, 299, 369, 372, 373, 374, 375, 378, 381, 383, 388, 390, 392, 393, 394, 396, 399, 401, 405, 410, 411, 418, 427, 429, 430, 431, 433, 434, 435, 437, 438, 439], "excluded_lines": []}, "": {"executed_lines": [2, 3, 4, 5, 6, 7, 9, 10, 13, 14, 19, 20, 21, 22, 24, 26, 29, 30, 37, 73, 84, 116, 154, 210, 222, 279, 291, 304, 311, 315, 319, 332, 354, 415, 445, 446, 459, 461, 462, 464, 465, 480, 482, 483, 484, 488, 492, 493, 496, 497, 593], "summary": {"covered_lines": 50, "num_statements": 98, "percent_covered": 51.02040816326531, "percent_covered_display": "51", "missing_lines": 48, "excluded_lines": 0}, "missing_lines": [15, 16, 467, 468, 469, 470, 471, 474, 475, 476, 478, 479, 485, 489, 490, 529, 533, 535, 536, 537, 540, 549, 550, 553, 555, 557, 558, 559, 560, 561, 564, 565, 568, 570, 571, 572, 574, 575, 576, 577, 580, 581, 584, 586, 587, 599, 601, 606], "excluded_lines": []}}}, "src/chuk_mcp/transports/stdio/transport.py": {"executed_lines": [2, 6, 7, 9, 10, 11, 14, 15, 17, 18, 19, 21, 25, 26, 29, 35, 43, 45, 46], "summary": {"covered_lines": 17, "num_statements": 26, "percent_covered": 65.38461538461539, "percent_covered_display": "65", "missing_lines": 9, "excluded_lines": 0}, "missing_lines": [27, 31, 32, 33, 37, 38, 39, 40, 41], "excluded_lines": [], "functions": {"StdioTransport.__init__": {"executed_lines": [18, 19], "summary": {"covered_lines": 2, "num_statements": 2, "percent_covered": 100.0, "percent_covered_display": "100", "missing_lines": 0, "excluded_lines": 0}, "missing_lines": [], "excluded_lines": []}, "StdioTransport.get_streams": {"executed_lines": [25, 26], "summary": {"covered_lines": 2, "num_statements": 3, "percent_covered": 66.66666666666667, "percent_covered_display": "67", "missing_lines": 1, "excluded_lines": 0}, "missing_lines": [27], "excluded_lines": []}, "StdioTransport.__aenter__": {"executed_lines": [], "summary": {"covered_lines": 0, "num_statements": 3, "percent_covered": 0.0, "percent_covered_display": "0", "missing_lines": 3, "excluded_lines": 0}, "missing_lines": [31, 32, 33], "excluded_lines": []}, "StdioTransport.__aexit__": {"executed_lines": [], "summary": {"covered_lines": 0, "num_statements": 5, "percent_covered": 0.0, "percent_covered_display": "0", "missing_lines": 5, "excluded_lines": 0}, "missing_lines": [37, 38, 39, 40, 41], "excluded_lines": []}, "StdioTransport.set_protocol_version": {"executed_lines": [45, 46], "summary": {"covered_lines": 2, "num_statements": 2, "percent_covered": 100.0, "percent_covered_display": "100", "missing_lines": 0, "excluded_lines": 0}, "missing_lines": [], "excluded_lines": []}, "": {"executed_lines": [2, 6, 7, 9, 10, 11, 14, 15, 17, 21, 29, 35, 43], "summary": {"covered_lines": 11, "num_statements": 11, "percent_covered": 100.0, "percent_covered_display": "100", "missing_lines": 0, "excluded_lines": 0}, "missing_lines": [], "excluded_lines": []}}, "classes": {"StdioTransport": {"executed_lines": [18, 19, 25, 26, 45, 46], "summary": {"covered_lines": 6, "num_statements": 15, "percent_covered": 40.0, "percent_covered_display": "40", "missing_lines": 9, "excluded_lines": 0}, "missing_lines": [27, 31, 32, 33, 37, 38, 39, 40, 41], "excluded_lines": []}, "": {"executed_lines": [2, 6, 7, 9, 10, 11, 14, 15, 17, 21, 29, 35, 43], "summary": {"covered_lines": 11, "num_statements": 11, "percent_covered": 100.0, "percent_covered_display": "100", "missing_lines": 0, "excluded_lines": 0}, "missing_lines": [], "excluded_lines": []}}}}, "totals": {"covered_lines": 2911, "num_statements": 4174, "percent_covered": 69.74125539051269, "percent_covered_display": "70", "missing_lines": 1263, "excluded_lines": 0}}